{"/Users/paulmeller/Projects/managed-agents/packages/agent-sdk/src/errors.ts": {"path":"/Users/paulmeller/Projects/managed-agents/packages/agent-sdk/src/errors.ts","statementMap":{"0":{"start":{"line":25,"column":4},"end":{"line":25,"column":null}},"1":{"start":{"line":21,"column":11},"end":{"line":21,"column":null}},"2":{"start":{"line":22,"column":11},"end":{"line":22,"column":null}},"3":{"start":{"line":30,"column":2},"end":{"line":30,"column":null}},"4":{"start":{"line":34,"column":2},"end":{"line":35,"column":null}},"5":{"start":{"line":35,"column":4},"end":{"line":35,"column":null}},"6":{"start":{"line":37,"column":14},"end":{"line":37,"column":62}},"7":{"start":{"line":38,"column":2},"end":{"line":38,"column":null}},"8":{"start":{"line":39,"column":2},"end":{"line":39,"column":null}},"9":{"start":{"line":44,"column":13},"end":{"line":44,"column":90}},"10":{"start":{"line":44,"column":43},"end":{"line":44,"column":90}},"11":{"start":{"line":45,"column":13},"end":{"line":46,"column":48}},"12":{"start":{"line":46,"column":2},"end":{"line":46,"column":48}},"13":{"start":{"line":47,"column":13},"end":{"line":47,"column":84}},"14":{"start":{"line":47,"column":42},"end":{"line":47,"column":84}},"15":{"start":{"line":48,"column":13},"end":{"line":48,"column":82}},"16":{"start":{"line":48,"column":41},"end":{"line":48,"column":82}},"17":{"start":{"line":49,"column":13},"end":{"line":49,"column":88}},"18":{"start":{"line":49,"column":41},"end":{"line":49,"column":88}},"19":{"start":{"line":50,"column":13},"end":{"line":51,"column":44}},"20":{"start":{"line":51,"column":2},"end":{"line":51,"column":44}},"21":{"start":{"line":52,"column":13},"end":{"line":53,"column":39}},"22":{"start":{"line":53,"column":2},"end":{"line":53,"column":39}}},"fnMap":{"0":{"name":"(anonymous_0)","decl":{"start":{"line":20,"column":2},"end":{"line":20,"column":null}},"loc":{"start":{"line":24,"column":4},"end":{"line":22,"column":null}},"line":24},"1":{"name":"envelope","decl":{"start":{"line":29,"column":16},"end":{"line":29,"column":25}},"loc":{"start":{"line":29,"column":59},"end":{"line":30,"column":null}},"line":29},"2":{"name":"toResponse","decl":{"start":{"line":33,"column":16},"end":{"line":33,"column":27}},"loc":{"start":{"line":33,"column":51},"end":{"line":39,"column":null}},"line":33},"3":{"name":"(anonymous_3)","decl":{"start":{"line":44,"column":13},"end":{"line":44,"column":27}},"loc":{"start":{"line":44,"column":43},"end":{"line":44,"column":90}},"line":44},"4":{"name":"(anonymous_4)","decl":{"start":{"line":45,"column":13},"end":{"line":45,"column":29}},"loc":{"start":{"line":46,"column":2},"end":{"line":46,"column":48}},"line":46},"5":{"name":"(anonymous_5)","decl":{"start":{"line":47,"column":13},"end":{"line":47,"column":26}},"loc":{"start":{"line":47,"column":42},"end":{"line":47,"column":84}},"line":47},"6":{"name":"(anonymous_6)","decl":{"start":{"line":48,"column":13},"end":{"line":48,"column":25}},"loc":{"start":{"line":48,"column":41},"end":{"line":48,"column":82}},"line":48},"7":{"name":"(anonymous_7)","decl":{"start":{"line":49,"column":13},"end":{"line":49,"column":25}},"loc":{"start":{"line":49,"column":41},"end":{"line":49,"column":88}},"line":49},"8":{"name":"(anonymous_8)","decl":{"start":{"line":50,"column":13},"end":{"line":50,"column":32}},"loc":{"start":{"line":51,"column":2},"end":{"line":51,"column":44}},"line":51},"9":{"name":"(anonymous_9)","decl":{"start":{"line":52,"column":13},"end":{"line":52,"column":27}},"loc":{"start":{"line":53,"column":2},"end":{"line":53,"column":39}},"line":53}},"branchMap":{"0":{"loc":{"start":{"line":34,"column":2},"end":{"line":35,"column":null}},"type":"if","locations":[{"start":{"line":34,"column":2},"end":{"line":35,"column":null}},{"start":{},"end":{}}],"line":34},"1":{"loc":{"start":{"line":37,"column":14},"end":{"line":37,"column":62}},"type":"cond-expr","locations":[{"start":{"line":37,"column":37},"end":{"line":37,"column":51}},{"start":{"line":37,"column":51},"end":{"line":37,"column":62}}],"line":37},"2":{"loc":{"start":{"line":45,"column":29},"end":{"line":45,"column":null}},"type":"default-arg","locations":[{"start":{"line":45,"column":35},"end":{"line":45,"column":null}}],"line":45},"3":{"loc":{"start":{"line":50,"column":32},"end":{"line":50,"column":null}},"type":"default-arg","locations":[{"start":{"line":50,"column":38},"end":{"line":50,"column":null}}],"line":50},"4":{"loc":{"start":{"line":52,"column":27},"end":{"line":52,"column":null}},"type":"default-arg","locations":[{"start":{"line":52,"column":33},"end":{"line":52,"column":null}}],"line":52}},"s":{"0":85,"1":85,"2":85,"3":86,"4":86,"5":83,"6":3,"7":86,"8":86,"9":8,"10":27,"11":8,"12":10,"13":8,"14":0,"15":8,"16":39,"17":8,"18":7,"19":8,"20":0,"21":8,"22":0},"f":{"0":85,"1":86,"2":86,"3":27,"4":10,"5":0,"6":39,"7":7,"8":0,"9":0},"b":{"0":[83,3],"1":[3,0],"2":[10],"3":[0],"4":[0]},"meta":{"lastBranch":5,"lastFunction":10,"lastStatement":23,"seen":{"f:20:2:20:Infinity":0,"s:25:4:25:Infinity":0,"s:21:11:21:Infinity":1,"s:22:11:22:Infinity":2,"f:29:16:29:25":1,"s:30:2:30:Infinity":3,"f:33:16:33:27":2,"b:34:2:35:Infinity:undefined:undefined:undefined:undefined":0,"s:34:2:35:Infinity":4,"s:35:4:35:Infinity":5,"s:37:14:37:62":6,"b:37:37:37:51:37:51:37:62":1,"s:38:2:38:Infinity":7,"s:39:2:39:Infinity":8,"s:44:13:44:90":9,"f:44:13:44:27":3,"s:44:43:44:90":10,"s:45:13:46:48":11,"f:45:13:45:29":4,"s:46:2:46:48":12,"b:45:35:45:Infinity":2,"s:47:13:47:84":13,"f:47:13:47:26":5,"s:47:42:47:84":14,"s:48:13:48:82":15,"f:48:13:48:25":6,"s:48:41:48:82":16,"s:49:13:49:88":17,"f:49:13:49:25":7,"s:49:41:49:88":18,"s:50:13:51:44":19,"f:50:13:50:32":8,"s:51:2:51:44":20,"b:50:38:50:Infinity":3,"s:52:13:53:39":21,"f:52:13:52:27":9,"s:53:2:53:39":22,"b:52:33:52:Infinity":4}}}
,"/Users/paulmeller/Projects/managed-agents/packages/agent-sdk/src/http.ts": {"path":"/Users/paulmeller/Projects/managed-agents/packages/agent-sdk/src/http.ts","statementMap":{"0":{"start":{"line":24,"column":2},"end":{"line":29,"column":null}},"1":{"start":{"line":25,"column":4},"end":{"line":25,"column":null}},"2":{"start":{"line":26,"column":17},"end":{"line":26,"column":44}},"3":{"start":{"line":27,"column":4},"end":{"line":27,"column":null}},"4":{"start":{"line":29,"column":4},"end":{"line":29,"column":null}},"5":{"start":{"line":34,"column":2},"end":{"line":34,"column":null}}},"fnMap":{"0":{"name":"routeWrap","decl":{"start":{"line":20,"column":22},"end":{"line":20,"column":null}},"loc":{"start":{"line":23,"column":21},"end":{"line":29,"column":null}},"line":23},"1":{"name":"jsonOk","decl":{"start":{"line":33,"column":16},"end":{"line":33,"column":26}},"loc":{"start":{"line":33,"column":59},"end":{"line":34,"column":null}},"line":33}},"branchMap":{"0":{"loc":{"start":{"line":33,"column":35},"end":{"line":33,"column":59}},"type":"default-arg","locations":[{"start":{"line":33,"column":44},"end":{"line":33,"column":59}}],"line":33}},"s":{"0":549,"1":549,"2":549,"3":540,"4":79,"5":470},"f":{"0":549,"1":470},"b":{"0":[470]},"meta":{"lastBranch":1,"lastFunction":2,"lastStatement":6,"seen":{"f:20:22:20:Infinity":0,"s:24:2:29:Infinity":0,"s:25:4:25:Infinity":1,"s:26:17:26:44":2,"s:27:4:27:Infinity":3,"s:29:4:29:Infinity":4,"f:33:16:33:26":1,"b:33:44:33:59":0,"s:34:2:34:Infinity":5}}}
,"/Users/paulmeller/Projects/managed-agents/packages/agent-sdk/src/index.ts": {"path":"/Users/paulmeller/Projects/managed-agents/packages/agent-sdk/src/index.ts","statementMap":{},"fnMap":{},"branchMap":{},"s":{},"f":{},"b":{},"meta":{"lastBranch":0,"lastFunction":0,"lastStatement":0,"seen":{}}}
,"/Users/paulmeller/Projects/managed-agents/packages/agent-sdk/src/init.ts": {"path":"/Users/paulmeller/Projects/managed-agents/packages/agent-sdk/src/init.ts","statementMap":{"0":{"start":{"line":39,"column":10},"end":{"line":39,"column":null}},"1":{"start":{"line":42,"column":2},"end":{"line":42,"column":null}},"2":{"start":{"line":42,"column":25},"end":{"line":42,"column":null}},"3":{"start":{"line":43,"column":2},"end":{"line":43,"column":null}},"4":{"start":{"line":44,"column":2},"end":{"line":44,"column":null}},"5":{"start":{"line":49,"column":2},"end":{"line":49,"column":null}},"6":{"start":{"line":52,"column":2},"end":{"line":52,"column":null}},"7":{"start":{"line":55,"column":2},"end":{"line":55,"column":null}},"8":{"start":{"line":58,"column":2},"end":{"line":61,"column":null}},"9":{"start":{"line":59,"column":4},"end":{"line":59,"column":null}},"10":{"start":{"line":61,"column":4},"end":{"line":61,"column":null}},"11":{"start":{"line":65,"column":8},"end":{"line":65,"column":25}},"12":{"start":{"line":66,"column":2},"end":{"line":75,"column":null}},"13":{"start":{"line":67,"column":4},"end":{"line":75,"column":null}},"14":{"start":{"line":69,"column":8},"end":{"line":70,"column":null}},"15":{"start":{"line":70,"column":10},"end":{"line":70,"column":null}},"16":{"start":{"line":74,"column":8},"end":{"line":74,"column":null}},"17":{"start":{"line":79,"column":2},"end":{"line":87,"column":null}},"18":{"start":{"line":81,"column":6},"end":{"line":82,"column":null}},"19":{"start":{"line":82,"column":8},"end":{"line":82,"column":null}},"20":{"start":{"line":86,"column":6},"end":{"line":86,"column":null}},"21":{"start":{"line":94,"column":2},"end":{"line":98,"column":null}},"22":{"start":{"line":95,"column":10},"end":{"line":95,"column":null}},"23":{"start":{"line":96,"column":4},"end":{"line":98,"column":null}},"24":{"start":{"line":97,"column":6},"end":{"line":97,"column":null}},"25":{"start":{"line":103,"column":2},"end":{"line":133,"column":null}},"26":{"start":{"line":104,"column":10},"end":{"line":104,"column":30}},"27":{"start":{"line":105,"column":4},"end":{"line":105,"column":null}},"28":{"start":{"line":105,"column":25},"end":{"line":105,"column":null}},"29":{"start":{"line":109,"column":20},"end":{"line":109,"column":null}},"30":{"start":{"line":110,"column":4},"end":{"line":113,"column":null}},"31":{"start":{"line":111,"column":14},"end":{"line":111,"column":91}},"32":{"start":{"line":112,"column":6},"end":{"line":112,"column":null}},"33":{"start":{"line":113,"column":6},"end":{"line":113,"column":null}},"34":{"start":{"line":116,"column":17},"end":{"line":116,"column":77}},"35":{"start":{"line":119,"column":20},"end":{"line":119,"column":55}},"36":{"start":{"line":120,"column":4},"end":{"line":126,"column":null}},"37":{"start":{"line":121,"column":6},"end":{"line":121,"column":null}},"38":{"start":{"line":122,"column":6},"end":{"line":122,"column":null}},"39":{"start":{"line":125,"column":6},"end":{"line":125,"column":null}},"40":{"start":{"line":126,"column":6},"end":{"line":126,"column":null}},"41":{"start":{"line":129,"column":4},"end":{"line":129,"column":null}},"42":{"start":{"line":130,"column":4},"end":{"line":130,"column":null}},"43":{"start":{"line":131,"column":4},"end":{"line":131,"column":null}},"44":{"start":{"line":133,"column":4},"end":{"line":133,"column":null}},"45":{"start":{"line":138,"column":8},"end":{"line":138,"column":20}},"46":{"start":{"line":139,"column":15},"end":{"line":143,"column":10}},"47":{"start":{"line":145,"column":2},"end":{"line":145,"column":null}},"48":{"start":{"line":145,"column":25},"end":{"line":145,"column":null}},"49":{"start":{"line":146,"column":2},"end":{"line":146,"column":null}},"50":{"start":{"line":148,"column":8},"end":{"line":148,"column":25}},"51":{"start":{"line":149,"column":2},"end":{"line":238,"column":null}},"52":{"start":{"line":150,"column":4},"end":{"line":211,"column":null}},"53":{"start":{"line":152,"column":12},"end":{"line":152,"column":59}},"54":{"start":{"line":153,"column":6},"end":{"line":208,"column":null}},"55":{"start":{"line":155,"column":8},"end":{"line":175,"column":null}},"56":{"start":{"line":156,"column":16},"end":{"line":156,"column":59}},"57":{"start":{"line":157,"column":27},"end":{"line":157,"column":83}},"58":{"start":{"line":158,"column":10},"end":{"line":175,"column":null}},"59":{"start":{"line":159,"column":31},"end":{"line":159,"column":79}},"60":{"start":{"line":160,"column":26},"end":{"line":160,"column":76}},"61":{"start":{"line":160,"column":49},"end":{"line":160,"column":76}},"62":{"start":{"line":161,"column":12},"end":{"line":171,"column":null}},"63":{"start":{"line":162,"column":14},"end":{"line":162,"column":null}},"64":{"start":{"line":163,"column":14},"end":{"line":163,"column":null}},"65":{"start":{"line":166,"column":14},"end":{"line":171,"column":null}},"66":{"start":{"line":174,"column":12},"end":{"line":174,"column":null}},"67":{"start":{"line":175,"column":12},"end":{"line":175,"column":null}},"68":{"start":{"line":180,"column":8},"end":{"line":185,"column":null}},"69":{"start":{"line":188,"column":8},"end":{"line":190,"column":null}},"70":{"start":{"line":191,"column":8},"end":{"line":191,"column":null}},"71":{"start":{"line":194,"column":24},"end":{"line":194,"column":56}},"72":{"start":{"line":195,"column":14},"end":{"line":198,"column":19}},"73":{"start":{"line":196,"column":25},"end":{"line":196,"column":53}},"74":{"start":{"line":197,"column":22},"end":{"line":197,"column":30}},"75":{"start":{"line":201,"column":8},"end":{"line":205,"column":null}},"76":{"start":{"line":201,"column":29},"end":{"line":202,"column":72}},"77":{"start":{"line":204,"column":10},"end":{"line":204,"column":null}},"78":{"start":{"line":207,"column":8},"end":{"line":207,"column":null}},"79":{"start":{"line":208,"column":8},"end":{"line":208,"column":null}},"80":{"start":{"line":211,"column":6},"end":{"line":211,"column":null}},"81":{"start":{"line":215,"column":4},"end":{"line":238,"column":null}},"82":{"start":{"line":216,"column":6},"end":{"line":226,"column":null}},"83":{"start":{"line":227,"column":6},"end":{"line":232,"column":null}},"84":{"start":{"line":233,"column":6},"end":{"line":235,"column":null}},"85":{"start":{"line":236,"column":6},"end":{"line":236,"column":null}},"86":{"start":{"line":238,"column":6},"end":{"line":238,"column":null}}},"fnMap":{"0":{"name":"ensureInitialized","decl":{"start":{"line":41,"column":22},"end":{"line":41,"column":57}},"loc":{"start":{"line":41,"column":57},"end":{"line":44,"column":null}},"line":41},"1":{"name":"doInit","decl":{"start":{"line":47,"column":15},"end":{"line":47,"column":39}},"loc":{"start":{"line":47,"column":39},"end":{"line":98,"column":null}},"line":47},"2":{"name":"(anonymous_2)","decl":{"start":{"line":68,"column":7},"end":{"line":68,"column":13}},"loc":{"start":{"line":68,"column":19},"end":{"line":72,"column":null}},"line":68},"3":{"name":"(anonymous_3)","decl":{"start":{"line":73,"column":7},"end":{"line":73,"column":14}},"loc":{"start":{"line":73,"column":22},"end":{"line":75,"column":null}},"line":73},"4":{"name":"(anonymous_4)","decl":{"start":{"line":80,"column":5},"end":{"line":80,"column":11}},"loc":{"start":{"line":80,"column":17},"end":{"line":84,"column":null}},"line":80},"5":{"name":"(anonymous_5)","decl":{"start":{"line":85,"column":5},"end":{"line":85,"column":12}},"loc":{"start":{"line":85,"column":20},"end":{"line":87,"column":null}},"line":85},"6":{"name":"(anonymous_6)","decl":{"start":{"line":96,"column":26},"end":{"line":96,"column":44}},"loc":{"start":{"line":96,"column":44},"end":{"line":98,"column":18}},"line":96},"7":{"name":"seedDefaultApiKey","decl":{"start":{"line":102,"column":9},"end":{"line":102,"column":35}},"loc":{"start":{"line":102,"column":35},"end":{"line":133,"column":null}},"line":102},"8":{"name":"recoverStaleSessions","decl":{"start":{"line":137,"column":22},"end":{"line":137,"column":60}},"loc":{"start":{"line":137,"column":60},"end":{"line":238,"column":null}},"line":137},"9":{"name":"(anonymous_9)","decl":{"start":{"line":160,"column":37},"end":{"line":160,"column":43}},"loc":{"start":{"line":160,"column":49},"end":{"line":160,"column":76}},"line":160},"10":{"name":"(anonymous_10)","decl":{"start":{"line":196,"column":11},"end":{"line":196,"column":19}},"loc":{"start":{"line":196,"column":25},"end":{"line":196,"column":53}},"line":196},"11":{"name":"(anonymous_11)","decl":{"start":{"line":197,"column":11},"end":{"line":197,"column":16}},"loc":{"start":{"line":197,"column":22},"end":{"line":197,"column":30}},"line":197},"12":{"name":"(anonymous_12)","decl":{"start":{"line":201,"column":29},"end":{"line":201,"column":null}},"loc":{"start":{"line":201,"column":29},"end":{"line":202,"column":72}},"line":201},"13":{"name":"(anonymous_13)","decl":{"start":{"line":203,"column":10},"end":{"line":203,"column":17}},"loc":{"start":{"line":203,"column":34},"end":{"line":205,"column":null}},"line":203}},"branchMap":{"0":{"loc":{"start":{"line":42,"column":2},"end":{"line":42,"column":null}},"type":"if","locations":[{"start":{"line":42,"column":2},"end":{"line":42,"column":null}},{"start":{},"end":{}}],"line":42},"1":{"loc":{"start":{"line":66,"column":2},"end":{"line":75,"column":null}},"type":"if","locations":[{"start":{"line":66,"column":2},"end":{"line":75,"column":null}},{"start":{},"end":{}}],"line":66},"2":{"loc":{"start":{"line":69,"column":8},"end":{"line":70,"column":null}},"type":"if","locations":[{"start":{"line":69,"column":8},"end":{"line":70,"column":null}},{"start":{},"end":{}}],"line":69},"3":{"loc":{"start":{"line":81,"column":6},"end":{"line":82,"column":null}},"type":"if","locations":[{"start":{"line":81,"column":6},"end":{"line":82,"column":null}},{"start":{},"end":{}}],"line":81},"4":{"loc":{"start":{"line":94,"column":2},"end":{"line":98,"column":null}},"type":"if","locations":[{"start":{"line":94,"column":2},"end":{"line":98,"column":null}},{"start":{},"end":{}}],"line":94},"5":{"loc":{"start":{"line":105,"column":4},"end":{"line":105,"column":null}},"type":"if","locations":[{"start":{"line":105,"column":4},"end":{"line":105,"column":null}},{"start":{},"end":{}}],"line":105},"6":{"loc":{"start":{"line":110,"column":4},"end":{"line":113,"column":null}},"type":"if","locations":[{"start":{"line":110,"column":4},"end":{"line":113,"column":null}},{"start":{},"end":{}}],"line":110},"7":{"loc":{"start":{"line":120,"column":4},"end":{"line":126,"column":null}},"type":"if","locations":[{"start":{"line":120,"column":4},"end":{"line":126,"column":null}},{"start":{"line":123,"column":11},"end":{"line":126,"column":null}}],"line":120},"8":{"loc":{"start":{"line":145,"column":2},"end":{"line":145,"column":null}},"type":"if","locations":[{"start":{"line":145,"column":2},"end":{"line":145,"column":null}},{"start":{},"end":{}}],"line":145},"9":{"loc":{"start":{"line":153,"column":6},"end":{"line":208,"column":null}},"type":"if","locations":[{"start":{"line":153,"column":6},"end":{"line":208,"column":null}},{"start":{},"end":{}}],"line":153},"10":{"loc":{"start":{"line":155,"column":8},"end":{"line":175,"column":null}},"type":"if","locations":[{"start":{"line":155,"column":8},"end":{"line":175,"column":null}},{"start":{},"end":{}}],"line":155},"11":{"loc":{"start":{"line":161,"column":12},"end":{"line":171,"column":null}},"type":"if","locations":[{"start":{"line":161,"column":12},"end":{"line":171,"column":null}},{"start":{"line":164,"column":19},"end":{"line":171,"column":null}}],"line":161},"12":{"loc":{"start":{"line":195,"column":22},"end":{"line":195,"column":43}},"type":"binary-expr","locations":[{"start":{"line":195,"column":22},"end":{"line":195,"column":41}},{"start":{"line":195,"column":41},"end":{"line":195,"column":43}}],"line":195},"13":{"loc":{"start":{"line":196,"column":25},"end":{"line":196,"column":53}},"type":"binary-expr","locations":[{"start":{"line":196,"column":25},"end":{"line":196,"column":46}},{"start":{"line":196,"column":46},"end":{"line":196,"column":53}}],"line":196}},"s":{"0":4,"1":552,"2":308,"3":244,"4":244,"5":244,"6":244,"7":244,"8":244,"9":244,"10":0,"11":244,"12":244,"13":0,"14":0,"15":0,"16":0,"17":244,"18":191,"19":0,"20":0,"21":244,"22":244,"23":244,"24":0,"25":244,"26":244,"27":244,"28":244,"29":0,"30":0,"31":0,"32":0,"33":0,"34":0,"35":0,"36":0,"37":0,"38":0,"39":0,"40":0,"41":0,"42":0,"43":0,"44":0,"45":246,"46":246,"47":246,"48":245,"49":1,"50":1,"51":1,"52":1,"53":1,"54":1,"55":0,"56":0,"57":0,"58":0,"59":0,"60":0,"61":0,"62":0,"63":0,"64":0,"65":0,"66":0,"67":0,"68":0,"69":0,"70":0,"71":0,"72":0,"73":0,"74":0,"75":0,"76":0,"77":0,"78":0,"79":0,"80":0,"81":1,"82":1,"83":1,"84":1,"85":1,"86":0},"f":{"0":552,"1":244,"2":0,"3":0,"4":191,"5":0,"6":0,"7":244,"8":246,"9":0,"10":0,"11":0,"12":0,"13":0},"b":{"0":[308,244],"1":[0,244],"2":[0,0],"3":[0,191],"4":[244,0],"5":[244,0],"6":[0,0],"7":[0,0],"8":[245,1],"9":[0,1],"10":[0,0],"11":[0,0],"12":[0,0],"13":[0,0]},"meta":{"lastBranch":14,"lastFunction":14,"lastStatement":87,"seen":{"s:39:10:39:Infinity":0,"f:41:22:41:57":0,"b:42:2:42:Infinity:undefined:undefined:undefined:undefined":0,"s:42:2:42:Infinity":1,"s:42:25:42:Infinity":2,"s:43:2:43:Infinity":3,"s:44:2:44:Infinity":4,"f:47:15:47:39":1,"s:49:2:49:Infinity":5,"s:52:2:52:Infinity":6,"s:55:2:55:Infinity":7,"s:58:2:61:Infinity":8,"s:59:4:59:Infinity":9,"s:61:4:61:Infinity":10,"s:65:8:65:25":11,"b:66:2:75:Infinity:undefined:undefined:undefined:undefined":1,"s:66:2:75:Infinity":12,"s:67:4:75:Infinity":13,"f:68:7:68:13":2,"b:69:8:70:Infinity:undefined:undefined:undefined:undefined":2,"s:69:8:70:Infinity":14,"s:70:10:70:Infinity":15,"f:73:7:73:14":3,"s:74:8:74:Infinity":16,"s:79:2:87:Infinity":17,"f:80:5:80:11":4,"b:81:6:82:Infinity:undefined:undefined:undefined:undefined":3,"s:81:6:82:Infinity":18,"s:82:8:82:Infinity":19,"f:85:5:85:12":5,"s:86:6:86:Infinity":20,"b:94:2:98:Infinity:undefined:undefined:undefined:undefined":4,"s:94:2:98:Infinity":21,"s:95:10:95:Infinity":22,"s:96:4:98:Infinity":23,"f:96:26:96:44":6,"s:97:6:97:Infinity":24,"f:102:9:102:35":7,"s:103:2:133:Infinity":25,"s:104:10:104:30":26,"b:105:4:105:Infinity:undefined:undefined:undefined:undefined":5,"s:105:4:105:Infinity":27,"s:105:25:105:Infinity":28,"s:109:20:109:Infinity":29,"b:110:4:113:Infinity:undefined:undefined:undefined:undefined":6,"s:110:4:113:Infinity":30,"s:111:14:111:91":31,"s:112:6:112:Infinity":32,"s:113:6:113:Infinity":33,"s:116:17:116:77":34,"s:119:20:119:55":35,"b:120:4:126:Infinity:123:11:126:Infinity":7,"s:120:4:126:Infinity":36,"s:121:6:121:Infinity":37,"s:122:6:122:Infinity":38,"s:125:6:125:Infinity":39,"s:126:6:126:Infinity":40,"s:129:4:129:Infinity":41,"s:130:4:130:Infinity":42,"s:131:4:131:Infinity":43,"s:133:4:133:Infinity":44,"f:137:22:137:60":8,"s:138:8:138:20":45,"s:139:15:143:10":46,"b:145:2:145:Infinity:undefined:undefined:undefined:undefined":8,"s:145:2:145:Infinity":47,"s:145:25:145:Infinity":48,"s:146:2:146:Infinity":49,"s:148:8:148:25":50,"s:149:2:238:Infinity":51,"s:150:4:211:Infinity":52,"s:152:12:152:59":53,"b:153:6:208:Infinity:undefined:undefined:undefined:undefined":9,"s:153:6:208:Infinity":54,"b:155:8:175:Infinity:undefined:undefined:undefined:undefined":10,"s:155:8:175:Infinity":55,"s:156:16:156:59":56,"s:157:27:157:83":57,"s:158:10:175:Infinity":58,"s:159:31:159:79":59,"s:160:26:160:76":60,"f:160:37:160:43":9,"s:160:49:160:76":61,"b:161:12:171:Infinity:164:19:171:Infinity":11,"s:161:12:171:Infinity":62,"s:162:14:162:Infinity":63,"s:163:14:163:Infinity":64,"s:166:14:171:Infinity":65,"s:174:12:174:Infinity":66,"s:175:12:175:Infinity":67,"s:180:8:185:Infinity":68,"s:188:8:190:Infinity":69,"s:191:8:191:Infinity":70,"s:194:24:194:56":71,"s:195:14:198:19":72,"b:195:22:195:41:195:41:195:43":12,"f:196:11:196:19":10,"s:196:25:196:53":73,"b:196:25:196:46:196:46:196:53":13,"f:197:11:197:16":11,"s:197:22:197:30":74,"s:201:8:205:Infinity":75,"f:201:29:201:Infinity":12,"s:201:29:202:72":76,"f:203:10:203:17":13,"s:204:10:204:Infinity":77,"s:207:8:207:Infinity":78,"s:208:8:208:Infinity":79,"s:211:6:211:Infinity":80,"s:215:4:238:Infinity":81,"s:216:6:226:Infinity":82,"s:227:6:232:Infinity":83,"s:233:6:235:Infinity":84,"s:236:6:236:Infinity":85,"s:238:6:238:Infinity":86}}}
,"/Users/paulmeller/Projects/managed-agents/packages/agent-sdk/src/shutdown.ts": {"path":"/Users/paulmeller/Projects/managed-agents/packages/agent-sdk/src/shutdown.ts","statementMap":{"0":{"start":{"line":19,"column":10},"end":{"line":19,"column":null}},"1":{"start":{"line":22,"column":2},"end":{"line":22,"column":null}},"2":{"start":{"line":22,"column":31},"end":{"line":22,"column":null}},"3":{"start":{"line":23,"column":2},"end":{"line":23,"column":null}},"4":{"start":{"line":25,"column":2},"end":{"line":27,"column":null}},"5":{"start":{"line":26,"column":4},"end":{"line":26,"column":null}},"6":{"start":{"line":28,"column":2},"end":{"line":30,"column":null}},"7":{"start":{"line":29,"column":4},"end":{"line":29,"column":null}},"8":{"start":{"line":33,"column":19},"end":{"line":33,"column":null}},"9":{"start":{"line":36,"column":2},"end":{"line":39,"column":null}},"10":{"start":{"line":38,"column":4},"end":{"line":38,"column":null}},"11":{"start":{"line":39,"column":4},"end":{"line":39,"column":null}},"12":{"start":{"line":41,"column":2},"end":{"line":41,"column":null}},"13":{"start":{"line":43,"column":8},"end":{"line":43,"column":25}},"14":{"start":{"line":44,"column":19},"end":{"line":44,"column":null}},"15":{"start":{"line":46,"column":2},"end":{"line":49,"column":null}},"16":{"start":{"line":47,"column":4},"end":{"line":47,"column":null}},"17":{"start":{"line":49,"column":4},"end":{"line":49,"column":null}},"18":{"start":{"line":54,"column":2},"end":{"line":54,"column":null}},"19":{"start":{"line":55,"column":2},"end":{"line":57,"column":null}},"20":{"start":{"line":56,"column":4},"end":{"line":56,"column":null}},"21":{"start":{"line":57,"column":4},"end":{"line":57,"column":null}},"22":{"start":{"line":60,"column":2},"end":{"line":63,"column":null}},"23":{"start":{"line":61,"column":4},"end":{"line":63,"column":null}},"24":{"start":{"line":62,"column":6},"end":{"line":62,"column":null}},"25":{"start":{"line":69,"column":2},"end":{"line":70,"column":null}},"26":{"start":{"line":70,"column":4},"end":{"line":70,"column":null}},"27":{"start":{"line":70,"column":29},"end":{"line":70,"column":48}},"28":{"start":{"line":74,"column":2},"end":{"line":74,"column":null}},"29":{"start":{"line":75,"column":2},"end":{"line":75,"column":null}},"30":{"start":{"line":77,"column":2},"end":{"line":77,"column":null}}},"fnMap":{"0":{"name":"installShutdownHandlers","decl":{"start":{"line":21,"column":16},"end":{"line":21,"column":48}},"loc":{"start":{"line":21,"column":48},"end":{"line":30,"column":null}},"line":21},"1":{"name":"(anonymous_1)","decl":{"start":{"line":25,"column":13},"end":{"line":25,"column":30}},"loc":{"start":{"line":25,"column":30},"end":{"line":27,"column":null}},"line":25},"2":{"name":"(anonymous_2)","decl":{"start":{"line":28,"column":13},"end":{"line":28,"column":29}},"loc":{"start":{"line":28,"column":29},"end":{"line":30,"column":null}},"line":28},"3":{"name":"shutdown","decl":{"start":{"line":35,"column":15},"end":{"line":35,"column":24}},"loc":{"start":{"line":35,"column":55},"end":{"line":77,"column":null}},"line":35},"4":{"name":"(anonymous_4)","decl":{"start":{"line":70,"column":14},"end":{"line":70,"column":23}},"loc":{"start":{"line":70,"column":29},"end":{"line":70,"column":48}},"line":70}},"branchMap":{"0":{"loc":{"start":{"line":22,"column":2},"end":{"line":22,"column":null}},"type":"if","locations":[{"start":{"line":22,"column":2},"end":{"line":22,"column":null}},{"start":{},"end":{}}],"line":22},"1":{"loc":{"start":{"line":36,"column":2},"end":{"line":39,"column":null}},"type":"if","locations":[{"start":{"line":36,"column":2},"end":{"line":39,"column":null}},{"start":{},"end":{}}],"line":36},"2":{"loc":{"start":{"line":46,"column":2},"end":{"line":49,"column":null}},"type":"if","locations":[{"start":{"line":46,"column":2},"end":{"line":49,"column":null}},{"start":{"line":48,"column":9},"end":{"line":49,"column":null}}],"line":46},"3":{"loc":{"start":{"line":47,"column":65},"end":{"line":47,"column":89}},"type":"cond-expr","locations":[{"start":{"line":47,"column":80},"end":{"line":47,"column":86}},{"start":{"line":47,"column":86},"end":{"line":47,"column":89}}],"line":47},"4":{"loc":{"start":{"line":55,"column":2},"end":{"line":57,"column":null}},"type":"if","locations":[{"start":{"line":55,"column":2},"end":{"line":57,"column":null}},{"start":{},"end":{}}],"line":55},"5":{"loc":{"start":{"line":69,"column":2},"end":{"line":70,"column":null}},"type":"if","locations":[{"start":{"line":69,"column":2},"end":{"line":70,"column":null}},{"start":{},"end":{}}],"line":69}},"s":{"0":4,"1":244,"2":242,"3":2,"4":2,"5":0,"6":2,"7":0,"8":4,"9":0,"10":0,"11":0,"12":0,"13":0,"14":0,"15":0,"16":0,"17":0,"18":0,"19":0,"20":0,"21":0,"22":0,"23":0,"24":0,"25":0,"26":0,"27":0,"28":0,"29":0,"30":0},"f":{"0":244,"1":0,"2":0,"3":0,"4":0},"b":{"0":[242,2],"1":[0,0],"2":[0,0],"3":[0,0],"4":[0,0],"5":[0,0]},"meta":{"lastBranch":6,"lastFunction":5,"lastStatement":31,"seen":{"s:19:10:19:Infinity":0,"f:21:16:21:48":0,"b:22:2:22:Infinity:undefined:undefined:undefined:undefined":0,"s:22:2:22:Infinity":1,"s:22:31:22:Infinity":2,"s:23:2:23:Infinity":3,"s:25:2:27:Infinity":4,"f:25:13:25:30":1,"s:26:4:26:Infinity":5,"s:28:2:30:Infinity":6,"f:28:13:28:29":2,"s:29:4:29:Infinity":7,"s:33:19:33:Infinity":8,"f:35:15:35:24":3,"b:36:2:39:Infinity:undefined:undefined:undefined:undefined":1,"s:36:2:39:Infinity":9,"s:38:4:38:Infinity":10,"s:39:4:39:Infinity":11,"s:41:2:41:Infinity":12,"s:43:8:43:25":13,"s:44:19:44:Infinity":14,"b:46:2:49:Infinity:48:9:49:Infinity":2,"s:46:2:49:Infinity":15,"s:47:4:47:Infinity":16,"b:47:80:47:86:47:86:47:89":3,"s:49:4:49:Infinity":17,"s:54:2:54:Infinity":18,"b:55:2:57:Infinity:undefined:undefined:undefined:undefined":4,"s:55:2:57:Infinity":19,"s:56:4:56:Infinity":20,"s:57:4:57:Infinity":21,"s:60:2:63:Infinity":22,"s:61:4:63:Infinity":23,"s:62:6:62:Infinity":24,"b:69:2:70:Infinity:undefined:undefined:undefined:undefined":5,"s:69:2:70:Infinity":25,"s:70:4:70:Infinity":26,"f:70:14:70:23":4,"s:70:29:70:48":27,"s:74:2:74:Infinity":28,"s:75:2:75:Infinity":29,"s:77:2:77:Infinity":30}}}
,"/Users/paulmeller/Projects/managed-agents/packages/agent-sdk/src/state.ts": {"path":"/Users/paulmeller/Projects/managed-agents/packages/agent-sdk/src/state.ts","statementMap":{"0":{"start":{"line":39,"column":12},"end":{"line":39,"column":null}},"1":{"start":{"line":40,"column":2},"end":{"line":44,"column":null}},"2":{"start":{"line":41,"column":4},"end":{"line":44,"column":null}},"3":{"start":{"line":46,"column":2},"end":{"line":46,"column":null}},"4":{"start":{"line":50,"column":13},"end":{"line":50,"column":25}},"5":{"start":{"line":51,"column":15},"end":{"line":51,"column":62}},"6":{"start":{"line":52,"column":2},"end":{"line":52,"column":null}},"7":{"start":{"line":53,"column":2},"end":{"line":53,"column":null}},"8":{"start":{"line":57,"column":13},"end":{"line":57,"column":25}},"9":{"start":{"line":58,"column":15},"end":{"line":58,"column":56}},"10":{"start":{"line":59,"column":2},"end":{"line":59,"column":null}},"11":{"start":{"line":60,"column":2},"end":{"line":60,"column":null}}},"fnMap":{"0":{"name":"getRuntime","decl":{"start":{"line":38,"column":16},"end":{"line":38,"column":43}},"loc":{"start":{"line":38,"column":43},"end":{"line":46,"column":null}},"line":38},"1":{"name":"pushPendingUserInput","decl":{"start":{"line":49,"column":16},"end":{"line":49,"column":37}},"loc":{"start":{"line":49,"column":68},"end":{"line":53,"column":null}},"line":49},"2":{"name":"drainPendingUserInputs","decl":{"start":{"line":56,"column":16},"end":{"line":56,"column":39}},"loc":{"start":{"line":56,"column":71},"end":{"line":60,"column":null}},"line":56}},"branchMap":{"0":{"loc":{"start":{"line":40,"column":2},"end":{"line":44,"column":null}},"type":"if","locations":[{"start":{"line":40,"column":2},"end":{"line":44,"column":null}},{"start":{},"end":{}}],"line":40},"1":{"loc":{"start":{"line":51,"column":15},"end":{"line":51,"column":62}},"type":"binary-expr","locations":[{"start":{"line":51,"column":15},"end":{"line":51,"column":56}},{"start":{"line":51,"column":60},"end":{"line":51,"column":62}}],"line":51},"2":{"loc":{"start":{"line":58,"column":15},"end":{"line":58,"column":56}},"type":"binary-expr","locations":[{"start":{"line":58,"column":15},"end":{"line":58,"column":50}},{"start":{"line":58,"column":54},"end":{"line":58,"column":56}}],"line":58}},"s":{"0":24,"1":24,"2":13,"3":24,"4":0,"5":0,"6":0,"7":0,"8":6,"9":6,"10":6,"11":6},"f":{"0":24,"1":0,"2":6},"b":{"0":[13,11],"1":[0,0],"2":[6,6]},"meta":{"lastBranch":3,"lastFunction":3,"lastStatement":12,"seen":{"f:38:16:38:43":0,"s:39:12:39:Infinity":0,"b:40:2:44:Infinity:undefined:undefined:undefined:undefined":0,"s:40:2:44:Infinity":1,"s:41:4:44:Infinity":2,"s:46:2:46:Infinity":3,"f:49:16:49:37":1,"s:50:13:50:25":4,"s:51:15:51:62":5,"b:51:15:51:56:51:60:51:62":1,"s:52:2:52:Infinity":6,"s:53:2:53:Infinity":7,"f:56:16:56:39":2,"s:57:13:57:25":8,"s:58:15:58:56":9,"b:58:15:58:50:58:54:58:56":2,"s:59:2:59:Infinity":10,"s:60:2:60:Infinity":11}}}
,"/Users/paulmeller/Projects/managed-agents/packages/agent-sdk/src/types.ts": {"path":"/Users/paulmeller/Projects/managed-agents/packages/agent-sdk/src/types.ts","statementMap":{"0":{"start":{"line":13,"column":35},"end":{"line":22,"column":null}}},"fnMap":{},"branchMap":{},"s":{"0":9},"f":{},"b":{},"meta":{"lastBranch":0,"lastFunction":0,"lastStatement":1,"seen":{"s:13:35:22:Infinity":0}}}
,"/Users/paulmeller/Projects/managed-agents/packages/agent-sdk/src/auth/middleware.ts": {"path":"/Users/paulmeller/Projects/managed-agents/packages/agent-sdk/src/auth/middleware.ts","statementMap":{"0":{"start":{"line":17,"column":15},"end":{"line":17,"column":47}},"1":{"start":{"line":18,"column":2},"end":{"line":18,"column":null}},"2":{"start":{"line":18,"column":31},"end":{"line":18,"column":null}},"3":{"start":{"line":20,"column":15},"end":{"line":20,"column":91}},"4":{"start":{"line":21,"column":2},"end":{"line":21,"column":null}},"5":{"start":{"line":21,"column":13},"end":{"line":21,"column":null}},"6":{"start":{"line":22,"column":12},"end":{"line":22,"column":41}},"7":{"start":{"line":23,"column":2},"end":{"line":23,"column":null}},"8":{"start":{"line":27,"column":14},"end":{"line":27,"column":33}},"9":{"start":{"line":28,"column":2},"end":{"line":28,"column":null}},"10":{"start":{"line":28,"column":12},"end":{"line":28,"column":null}},"11":{"start":{"line":30,"column":8},"end":{"line":30,"column":31}},"12":{"start":{"line":31,"column":2},"end":{"line":31,"column":null}},"13":{"start":{"line":31,"column":12},"end":{"line":31,"column":null}},"14":{"start":{"line":33,"column":2},"end":{"line":37,"column":null}}},"fnMap":{"0":{"name":"extractKey","decl":{"start":{"line":16,"column":16},"end":{"line":16,"column":27}},"loc":{"start":{"line":16,"column":60},"end":{"line":23,"column":null}},"line":16},"1":{"name":"authenticate","decl":{"start":{"line":26,"column":22},"end":{"line":26,"column":35}},"loc":{"start":{"line":26,"column":75},"end":{"line":37,"column":null}},"line":26}},"branchMap":{"0":{"loc":{"start":{"line":18,"column":2},"end":{"line":18,"column":null}},"type":"if","locations":[{"start":{"line":18,"column":2},"end":{"line":18,"column":null}},{"start":{},"end":{}}],"line":18},"1":{"loc":{"start":{"line":18,"column":6},"end":{"line":18,"column":31}},"type":"binary-expr","locations":[{"start":{"line":18,"column":6},"end":{"line":18,"column":14}},{"start":{"line":18,"column":14},"end":{"line":18,"column":31}}],"line":18},"2":{"loc":{"start":{"line":20,"column":15},"end":{"line":20,"column":91}},"type":"binary-expr","locations":[{"start":{"line":20,"column":15},"end":{"line":20,"column":51}},{"start":{"line":20,"column":55},"end":{"line":20,"column":91}}],"line":20},"3":{"loc":{"start":{"line":21,"column":2},"end":{"line":21,"column":null}},"type":"if","locations":[{"start":{"line":21,"column":2},"end":{"line":21,"column":null}},{"start":{},"end":{}}],"line":21},"4":{"loc":{"start":{"line":23,"column":9},"end":{"line":23,"column":null}},"type":"cond-expr","locations":[{"start":{"line":23,"column":13},"end":{"line":23,"column":20}},{"start":{"line":23,"column":20},"end":{"line":23,"column":null}}],"line":23},"5":{"loc":{"start":{"line":28,"column":2},"end":{"line":28,"column":null}},"type":"if","locations":[{"start":{"line":28,"column":2},"end":{"line":28,"column":null}},{"start":{},"end":{}}],"line":28},"6":{"loc":{"start":{"line":31,"column":2},"end":{"line":31,"column":null}},"type":"if","locations":[{"start":{"line":31,"column":2},"end":{"line":31,"column":null}},{"start":{},"end":{}}],"line":31}},"s":{"0":552,"1":552,"2":542,"3":10,"4":552,"5":9,"6":1,"7":1,"8":552,"9":552,"10":9,"11":543,"12":543,"13":1,"14":542},"f":{"0":552,"1":552},"b":{"0":[542,10],"1":[552,542],"2":[10,9],"3":[9,543],"4":[1,0],"5":[9,543],"6":[1,542]},"meta":{"lastBranch":7,"lastFunction":2,"lastStatement":15,"seen":{"f:16:16:16:27":0,"s:17:15:17:47":0,"b:18:2:18:Infinity:undefined:undefined:undefined:undefined":0,"s:18:2:18:Infinity":1,"b:18:6:18:14:18:14:18:31":1,"s:18:31:18:Infinity":2,"s:20:15:20:91":3,"b:20:15:20:51:20:55:20:91":2,"b:21:2:21:Infinity:undefined:undefined:undefined:undefined":3,"s:21:2:21:Infinity":4,"s:21:13:21:Infinity":5,"s:22:12:22:41":6,"s:23:2:23:Infinity":7,"b:23:13:23:20:23:20:23:Infinity":4,"f:26:22:26:35":1,"s:27:14:27:33":8,"b:28:2:28:Infinity:undefined:undefined:undefined:undefined":5,"s:28:2:28:Infinity":9,"s:28:12:28:Infinity":10,"s:30:8:30:31":11,"b:31:2:31:Infinity:undefined:undefined:undefined:undefined":6,"s:31:2:31:Infinity":12,"s:31:12:31:Infinity":13,"s:33:2:37:Infinity":14}}}
,"/Users/paulmeller/Projects/managed-agents/packages/agent-sdk/src/backends/registry.ts": {"path":"/Users/paulmeller/Projects/managed-agents/packages/agent-sdk/src/backends/registry.ts","statementMap":{"0":{"start":{"line":15,"column":47},"end":{"line":21,"column":null}},"1":{"start":{"line":30,"column":15},"end":{"line":30,"column":null}},"2":{"start":{"line":31,"column":12},"end":{"line":31,"column":null}},"3":{"start":{"line":32,"column":2},"end":{"line":32,"column":null}},"4":{"start":{"line":32,"column":10},"end":{"line":32,"column":null}},"5":{"start":{"line":33,"column":2},"end":{"line":33,"column":null}},"6":{"start":{"line":37,"column":2},"end":{"line":37,"column":null}}},"fnMap":{"0":{"name":"resolveBackend","decl":{"start":{"line":27,"column":16},"end":{"line":27,"column":null}},"loc":{"start":{"line":29,"column":11},"end":{"line":33,"column":null}},"line":29},"1":{"name":"listBackends","decl":{"start":{"line":36,"column":16},"end":{"line":36,"column":46}},"loc":{"start":{"line":36,"column":46},"end":{"line":37,"column":null}},"line":36}},"branchMap":{"0":{"loc":{"start":{"line":30,"column":15},"end":{"line":30,"column":null}},"type":"binary-expr","locations":[{"start":{"line":30,"column":15},"end":{"line":30,"column":23}},{"start":{"line":30,"column":23},"end":{"line":30,"column":null}}],"line":30},"1":{"loc":{"start":{"line":32,"column":2},"end":{"line":32,"column":null}},"type":"if","locations":[{"start":{"line":32,"column":2},"end":{"line":32,"column":null}},{"start":{},"end":{}}],"line":32}},"s":{"0":7,"1":169,"2":169,"3":169,"4":0,"5":169,"6":0},"f":{"0":169,"1":0},"b":{"0":[169,0],"1":[0,169]},"meta":{"lastBranch":2,"lastFunction":2,"lastStatement":7,"seen":{"s:15:47:21:Infinity":0,"f:27:16:27:Infinity":0,"s:30:15:30:Infinity":1,"b:30:15:30:23:30:23:30:Infinity":0,"s:31:12:31:Infinity":2,"b:32:2:32:Infinity:undefined:undefined:undefined:undefined":1,"s:32:2:32:Infinity":3,"s:32:10:32:Infinity":4,"s:33:2:33:Infinity":5,"f:36:16:36:46":1,"s:37:2:37:Infinity":6}}}
,"/Users/paulmeller/Projects/managed-agents/packages/agent-sdk/src/backends/claude/args.ts": {"path":"/Users/paulmeller/Projects/managed-agents/packages/agent-sdk/src/backends/claude/args.ts","statementMap":{"0":{"start":{"line":27,"column":8},"end":{"line":27,"column":25}},"1":{"start":{"line":28,"column":25},"end":{"line":28,"column":null}},"2":{"start":{"line":29,"column":25},"end":{"line":38,"column":null}},"3":{"start":{"line":40,"column":2},"end":{"line":41,"column":null}},"4":{"start":{"line":41,"column":4},"end":{"line":41,"column":null}},"5":{"start":{"line":44,"column":2},"end":{"line":45,"column":null}},"6":{"start":{"line":45,"column":4},"end":{"line":45,"column":null}},"7":{"start":{"line":48,"column":2},"end":{"line":49,"column":null}},"8":{"start":{"line":49,"column":4},"end":{"line":49,"column":null}},"9":{"start":{"line":52,"column":8},"end":{"line":52,"column":49}},"10":{"start":{"line":53,"column":2},"end":{"line":54,"column":null}},"11":{"start":{"line":54,"column":4},"end":{"line":54,"column":null}},"12":{"start":{"line":56,"column":2},"end":{"line":57,"column":null}},"13":{"start":{"line":57,"column":4},"end":{"line":57,"column":null}},"14":{"start":{"line":60,"column":2},"end":{"line":64,"column":null}},"15":{"start":{"line":61,"column":4},"end":{"line":64,"column":null}},"16":{"start":{"line":67,"column":2},"end":{"line":67,"column":null}},"17":{"start":{"line":75,"column":8},"end":{"line":75,"column":25}},"18":{"start":{"line":76,"column":38},"end":{"line":76,"column":40}},"19":{"start":{"line":78,"column":16},"end":{"line":78,"column":null}},"20":{"start":{"line":79,"column":2},"end":{"line":83,"column":null}},"21":{"start":{"line":80,"column":4},"end":{"line":83,"column":null}},"22":{"start":{"line":81,"column":6},"end":{"line":81,"column":null}},"23":{"start":{"line":83,"column":6},"end":{"line":83,"column":null}},"24":{"start":{"line":87,"column":2},"end":{"line":87,"column":null}}},"fnMap":{"0":{"name":"buildClaudeArgs","decl":{"start":{"line":26,"column":16},"end":{"line":26,"column":32}},"loc":{"start":{"line":26,"column":65},"end":{"line":67,"column":null}},"line":26},"1":{"name":"buildClaudeAuthEnv","decl":{"start":{"line":74,"column":16},"end":{"line":74,"column":61}},"loc":{"start":{"line":74,"column":61},"end":{"line":87,"column":null}},"line":74}},"branchMap":{"0":{"loc":{"start":{"line":28,"column":25},"end":{"line":28,"column":null}},"type":"cond-expr","locations":[{"start":{"line":28,"column":50},"end":{"line":28,"column":62}},{"start":{"line":28,"column":62},"end":{"line":28,"column":null}}],"line":28},"1":{"loc":{"start":{"line":37,"column":11},"end":{"line":37,"column":null}},"type":"binary-expr","locations":[{"start":{"line":37,"column":11},"end":{"line":37,"column":29}},{"start":{"line":37,"column":29},"end":{"line":37,"column":null}}],"line":37},"2":{"loc":{"start":{"line":40,"column":2},"end":{"line":41,"column":null}},"type":"if","locations":[{"start":{"line":40,"column":2},"end":{"line":41,"column":null}},{"start":{},"end":{}}],"line":40},"3":{"loc":{"start":{"line":44,"column":2},"end":{"line":45,"column":null}},"type":"if","locations":[{"start":{"line":44,"column":2},"end":{"line":45,"column":null}},{"start":{},"end":{}}],"line":44},"4":{"loc":{"start":{"line":48,"column":2},"end":{"line":49,"column":null}},"type":"if","locations":[{"start":{"line":48,"column":2},"end":{"line":49,"column":null}},{"start":{},"end":{}}],"line":48},"5":{"loc":{"start":{"line":53,"column":2},"end":{"line":54,"column":null}},"type":"if","locations":[{"start":{"line":53,"column":2},"end":{"line":54,"column":null}},{"start":{},"end":{}}],"line":53},"6":{"loc":{"start":{"line":56,"column":2},"end":{"line":57,"column":null}},"type":"if","locations":[{"start":{"line":56,"column":2},"end":{"line":57,"column":null}},{"start":{},"end":{}}],"line":56},"7":{"loc":{"start":{"line":60,"column":2},"end":{"line":64,"column":null}},"type":"if","locations":[{"start":{"line":60,"column":2},"end":{"line":64,"column":null}},{"start":{},"end":{}}],"line":60},"8":{"loc":{"start":{"line":60,"column":6},"end":{"line":60,"column":82}},"type":"binary-expr","locations":[{"start":{"line":60,"column":6},"end":{"line":60,"column":33}},{"start":{"line":60,"column":33},"end":{"line":60,"column":82}}],"line":60},"9":{"loc":{"start":{"line":78,"column":16},"end":{"line":78,"column":null}},"type":"binary-expr","locations":[{"start":{"line":78,"column":16},"end":{"line":78,"column":39}},{"start":{"line":78,"column":39},"end":{"line":78,"column":null}}],"line":78},"10":{"loc":{"start":{"line":79,"column":2},"end":{"line":83,"column":null}},"type":"if","locations":[{"start":{"line":79,"column":2},"end":{"line":83,"column":null}},{"start":{},"end":{}}],"line":79},"11":{"loc":{"start":{"line":80,"column":4},"end":{"line":83,"column":null}},"type":"if","locations":[{"start":{"line":80,"column":4},"end":{"line":83,"column":null}},{"start":{"line":82,"column":11},"end":{"line":83,"column":null}}],"line":80}},"s":{"0":2,"1":2,"2":2,"3":2,"4":1,"5":2,"6":0,"7":2,"8":2,"9":2,"10":2,"11":2,"12":2,"13":0,"14":2,"15":0,"16":2,"17":2,"18":2,"19":2,"20":2,"21":2,"22":0,"23":2,"24":2},"f":{"0":2,"1":2},"b":{"0":[0,2],"1":[2,2],"2":[1,1],"3":[0,2],"4":[2,0],"5":[2,0],"6":[0,2],"7":[0,2],"8":[2,2],"9":[2,0],"10":[2,0],"11":[0,2]},"meta":{"lastBranch":12,"lastFunction":2,"lastStatement":25,"seen":{"f:26:16:26:32":0,"s:27:8:27:25":0,"s:28:25:28:Infinity":1,"b:28:50:28:62:28:62:28:Infinity":0,"s:29:25:38:Infinity":2,"b:37:11:37:29:37:29:37:Infinity":1,"b:40:2:41:Infinity:undefined:undefined:undefined:undefined":2,"s:40:2:41:Infinity":3,"s:41:4:41:Infinity":4,"b:44:2:45:Infinity:undefined:undefined:undefined:undefined":3,"s:44:2:45:Infinity":5,"s:45:4:45:Infinity":6,"b:48:2:49:Infinity:undefined:undefined:undefined:undefined":4,"s:48:2:49:Infinity":7,"s:49:4:49:Infinity":8,"s:52:8:52:49":9,"b:53:2:54:Infinity:undefined:undefined:undefined:undefined":5,"s:53:2:54:Infinity":10,"s:54:4:54:Infinity":11,"b:56:2:57:Infinity:undefined:undefined:undefined:undefined":6,"s:56:2:57:Infinity":12,"s:57:4:57:Infinity":13,"b:60:2:64:Infinity:undefined:undefined:undefined:undefined":7,"s:60:2:64:Infinity":14,"b:60:6:60:33:60:33:60:82":8,"s:61:4:64:Infinity":15,"s:67:2:67:Infinity":16,"f:74:16:74:61":1,"s:75:8:75:25":17,"s:76:38:76:40":18,"s:78:16:78:Infinity":19,"b:78:16:78:39:78:39:78:Infinity":9,"b:79:2:83:Infinity:undefined:undefined:undefined:undefined":10,"s:79:2:83:Infinity":20,"b:80:4:83:Infinity:82:11:83:Infinity":11,"s:80:4:83:Infinity":21,"s:81:6:81:Infinity":22,"s:83:6:83:Infinity":23,"s:87:2:87:Infinity":24}}}
,"/Users/paulmeller/Projects/managed-agents/packages/agent-sdk/src/backends/claude/index.ts": {"path":"/Users/paulmeller/Projects/managed-agents/packages/agent-sdk/src/backends/claude/index.ts","statementMap":{"0":{"start":{"line":35,"column":63},"end":{"line":35,"column":null}},"1":{"start":{"line":37,"column":8},"end":{"line":41,"column":4}},"2":{"start":{"line":42,"column":8},"end":{"line":42,"column":34}},"3":{"start":{"line":48,"column":22},"end":{"line":48,"column":85}},"4":{"start":{"line":48,"column":65},"end":{"line":48,"column":85}},"5":{"start":{"line":49,"column":25},"end":{"line":49,"column":null}},"6":{"start":{"line":50,"column":2},"end":{"line":62,"column":null}},"7":{"start":{"line":51,"column":19},"end":{"line":51,"column":51}},"8":{"start":{"line":52,"column":51},"end":{"line":52,"column":53}},"9":{"start":{"line":53,"column":4},"end":{"line":59,"column":null}},"10":{"start":{"line":54,"column":6},"end":{"line":57,"column":null}},"11":{"start":{"line":55,"column":25},"end":{"line":55,"column":57}},"12":{"start":{"line":56,"column":8},"end":{"line":56,"column":null}},"13":{"start":{"line":59,"column":6},"end":{"line":59,"column":null}},"14":{"start":{"line":61,"column":10},"end":{"line":61,"column":56}},"15":{"start":{"line":62,"column":4},"end":{"line":62,"column":null}},"16":{"start":{"line":65,"column":2},"end":{"line":85,"column":null}},"17":{"start":{"line":69,"column":17},"end":{"line":69,"column":null}},"18":{"start":{"line":70,"column":52},"end":{"line":70,"column":54}},"19":{"start":{"line":71,"column":4},"end":{"line":72,"column":null}},"20":{"start":{"line":72,"column":6},"end":{"line":72,"column":null}},"21":{"start":{"line":74,"column":4},"end":{"line":79,"column":null}},"22":{"start":{"line":75,"column":6},"end":{"line":79,"column":null}},"23":{"start":{"line":81,"column":22},"end":{"line":84,"column":6}},"24":{"start":{"line":85,"column":4},"end":{"line":85,"column":null}},"25":{"start":{"line":88,"column":2},"end":{"line":88,"column":null}},"26":{"start":{"line":92,"column":8},"end":{"line":92,"column":25}},"27":{"start":{"line":93,"column":2},"end":{"line":94,"column":null}},"28":{"start":{"line":94,"column":4},"end":{"line":94,"column":null}},"29":{"start":{"line":96,"column":2},"end":{"line":96,"column":null}},"30":{"start":{"line":108,"column":2},"end":{"line":108,"column":null}},"31":{"start":{"line":108,"column":32},"end":{"line":108,"column":null}},"32":{"start":{"line":110,"column":2},"end":{"line":110,"column":null}},"33":{"start":{"line":111,"column":2},"end":{"line":115,"column":null}},"34":{"start":{"line":116,"column":2},"end":{"line":120,"column":null}},"35":{"start":{"line":121,"column":2},"end":{"line":121,"column":null}},"36":{"start":{"line":134,"column":2},"end":{"line":134,"column":null}},"37":{"start":{"line":137,"column":2},"end":{"line":141,"column":null}},"38":{"start":{"line":142,"column":2},"end":{"line":142,"column":null}},"39":{"start":{"line":147,"column":8},"end":{"line":147,"column":50}},"40":{"start":{"line":148,"column":23},"end":{"line":148,"column":null}},"41":{"start":{"line":151,"column":50},"end":{"line":151,"column":52}},"42":{"start":{"line":152,"column":2},"end":{"line":160,"column":null}},"43":{"start":{"line":153,"column":19},"end":{"line":155,"column":null}},"44":{"start":{"line":157,"column":4},"end":{"line":158,"column":null}},"45":{"start":{"line":158,"column":6},"end":{"line":158,"column":null}},"46":{"start":{"line":164,"column":17},"end":{"line":164,"column":null}},"47":{"start":{"line":165,"column":2},"end":{"line":169,"column":null}},"48":{"start":{"line":172,"column":38},"end":{"line":179,"column":null}},"49":{"start":{"line":176,"column":21},"end":{"line":176,"column":77}},"50":{"start":{"line":177,"column":34},"end":{"line":177,"column":102}}},"fnMap":{"0":{"name":"buildTurn","decl":{"start":{"line":34,"column":9},"end":{"line":34,"column":19}},"loc":{"start":{"line":34,"column":59},"end":{"line":88,"column":null}},"line":34},"1":{"name":"(anonymous_1)","decl":{"start":{"line":48,"column":34},"end":{"line":48,"column":42}},"loc":{"start":{"line":48,"column":65},"end":{"line":48,"column":85}},"line":48},"2":{"name":"validateRuntime","decl":{"start":{"line":91,"column":9},"end":{"line":91,"column":42}},"loc":{"start":{"line":91,"column":42},"end":{"line":96,"column":null}},"line":91},"3":{"name":"installToolBridge","decl":{"start":{"line":103,"column":15},"end":{"line":103,"column":null}},"loc":{"start":{"line":107,"column":17},"end":{"line":121,"column":null}},"line":107},"4":{"name":"installPermissionHook","decl":{"start":{"line":129,"column":15},"end":{"line":129,"column":null}},"loc":{"start":{"line":132,"column":17},"end":{"line":169,"column":null}},"line":132},"5":{"name":"(anonymous_5)","decl":{"start":{"line":176,"column":2},"end":{"line":176,"column":21}},"loc":{"start":{"line":176,"column":21},"end":{"line":176,"column":77}},"line":176},"6":{"name":"(anonymous_6)","decl":{"start":{"line":177,"column":2},"end":{"line":177,"column":20}},"loc":{"start":{"line":177,"column":34},"end":{"line":177,"column":102}},"line":177}},"branchMap":{"0":{"loc":{"start":{"line":49,"column":25},"end":{"line":49,"column":null}},"type":"binary-expr","locations":[{"start":{"line":49,"column":25},"end":{"line":49,"column":51}},{"start":{"line":49,"column":51},"end":{"line":49,"column":null}}],"line":49},"1":{"loc":{"start":{"line":50,"column":2},"end":{"line":62,"column":null}},"type":"if","locations":[{"start":{"line":50,"column":2},"end":{"line":62,"column":null}},{"start":{},"end":{}}],"line":50},"2":{"loc":{"start":{"line":53,"column":4},"end":{"line":59,"column":null}},"type":"if","locations":[{"start":{"line":53,"column":4},"end":{"line":59,"column":null}},{"start":{},"end":{}}],"line":53},"3":{"loc":{"start":{"line":53,"column":8},"end":{"line":53,"column":53}},"type":"binary-expr","locations":[{"start":{"line":53,"column":8},"end":{"line":53,"column":23}},{"start":{"line":53,"column":23},"end":{"line":53,"column":53}}],"line":53},"4":{"loc":{"start":{"line":56,"column":26},"end":{"line":56,"column":51}},"type":"binary-expr","locations":[{"start":{"line":56,"column":26},"end":{"line":56,"column":49}},{"start":{"line":56,"column":49},"end":{"line":56,"column":51}}],"line":56},"5":{"loc":{"start":{"line":65,"column":2},"end":{"line":85,"column":null}},"type":"if","locations":[{"start":{"line":65,"column":2},"end":{"line":85,"column":null}},{"start":{},"end":{}}],"line":65},"6":{"loc":{"start":{"line":71,"column":4},"end":{"line":72,"column":null}},"type":"if","locations":[{"start":{"line":71,"column":4},"end":{"line":72,"column":null}},{"start":{},"end":{}}],"line":71},"7":{"loc":{"start":{"line":93,"column":2},"end":{"line":94,"column":null}},"type":"if","locations":[{"start":{"line":93,"column":2},"end":{"line":94,"column":null}},{"start":{},"end":{}}],"line":93},"8":{"loc":{"start":{"line":93,"column":6},"end":{"line":93,"column":48}},"type":"binary-expr","locations":[{"start":{"line":93,"column":6},"end":{"line":93,"column":30}},{"start":{"line":93,"column":30},"end":{"line":93,"column":48}}],"line":93},"9":{"loc":{"start":{"line":108,"column":2},"end":{"line":108,"column":null}},"type":"if","locations":[{"start":{"line":108,"column":2},"end":{"line":108,"column":null}},{"start":{},"end":{}}],"line":108},"10":{"loc":{"start":{"line":157,"column":4},"end":{"line":158,"column":null}},"type":"if","locations":[{"start":{"line":157,"column":4},"end":{"line":158,"column":null}},{"start":{},"end":{}}],"line":157}},"s":{"0":2,"1":2,"2":2,"3":2,"4":4,"5":2,"6":2,"7":2,"8":2,"9":2,"10":0,"11":0,"12":0,"13":0,"14":2,"15":2,"16":2,"17":1,"18":1,"19":1,"20":0,"21":1,"22":1,"23":1,"24":1,"25":1,"26":22,"27":22,"28":20,"29":2,"30":0,"31":0,"32":0,"33":0,"34":0,"35":0,"36":0,"37":0,"38":0,"39":0,"40":0,"41":0,"42":0,"43":0,"44":0,"45":0,"46":0,"47":0,"48":7,"49":2,"50":0},"f":{"0":2,"1":4,"2":22,"3":0,"4":0,"5":2,"6":0},"b":{"0":[2,0],"1":[2,0],"2":[0,2],"3":[2,0],"4":[0,0],"5":[1,1],"6":[0,1],"7":[20,2],"8":[22,20],"9":[0,0],"10":[0,0]},"meta":{"lastBranch":11,"lastFunction":7,"lastStatement":51,"seen":{"f:34:9:34:19":0,"s:35:63:35:Infinity":0,"s:37:8:41:4":1,"s:42:8:42:34":2,"s:48:22:48:85":3,"f:48:34:48:42":1,"s:48:65:48:85":4,"s:49:25:49:Infinity":5,"b:49:25:49:51:49:51:49:Infinity":0,"b:50:2:62:Infinity:undefined:undefined:undefined:undefined":1,"s:50:2:62:Infinity":6,"s:51:19:51:51":7,"s:52:51:52:53":8,"b:53:4:59:Infinity:undefined:undefined:undefined:undefined":2,"s:53:4:59:Infinity":9,"b:53:8:53:23:53:23:53:53":3,"s:54:6:57:Infinity":10,"s:55:25:55:57":11,"s:56:8:56:Infinity":12,"b:56:26:56:49:56:49:56:51":4,"s:59:6:59:Infinity":13,"s:61:10:61:56":14,"s:62:4:62:Infinity":15,"b:65:2:85:Infinity:undefined:undefined:undefined:undefined":5,"s:65:2:85:Infinity":16,"s:69:17:69:Infinity":17,"s:70:52:70:54":18,"b:71:4:72:Infinity:undefined:undefined:undefined:undefined":6,"s:71:4:72:Infinity":19,"s:72:6:72:Infinity":20,"s:74:4:79:Infinity":21,"s:75:6:79:Infinity":22,"s:81:22:84:6":23,"s:85:4:85:Infinity":24,"s:88:2:88:Infinity":25,"f:91:9:91:42":2,"s:92:8:92:25":26,"b:93:2:94:Infinity:undefined:undefined:undefined:undefined":7,"s:93:2:94:Infinity":27,"b:93:6:93:30:93:30:93:48":8,"s:94:4:94:Infinity":28,"s:96:2:96:Infinity":29,"f:103:15:103:Infinity":3,"b:108:2:108:Infinity:undefined:undefined:undefined:undefined":9,"s:108:2:108:Infinity":30,"s:108:32:108:Infinity":31,"s:110:2:110:Infinity":32,"s:111:2:115:Infinity":33,"s:116:2:120:Infinity":34,"s:121:2:121:Infinity":35,"f:129:15:129:Infinity":4,"s:134:2:134:Infinity":36,"s:137:2:141:Infinity":37,"s:142:2:142:Infinity":38,"s:147:8:147:50":39,"s:148:23:148:Infinity":40,"s:151:50:151:52":41,"s:152:2:160:Infinity":42,"s:153:19:155:Infinity":43,"b:157:4:158:Infinity:undefined:undefined:undefined:undefined":10,"s:157:4:158:Infinity":44,"s:158:6:158:Infinity":45,"s:164:17:164:Infinity":46,"s:165:2:169:Infinity":47,"s:172:38:179:Infinity":48,"f:176:2:176:21":5,"s:176:21:176:77":49,"f:177:2:177:20":6,"s:177:34:177:102":50}}}
,"/Users/paulmeller/Projects/managed-agents/packages/agent-sdk/src/backends/claude/permission-hook.ts": {"path":"/Users/paulmeller/Projects/managed-agents/packages/agent-sdk/src/backends/claude/permission-hook.ts","statementMap":{"0":{"start":{"line":22,"column":37},"end":{"line":22,"column":null}},"1":{"start":{"line":23,"column":43},"end":{"line":23,"column":null}},"2":{"start":{"line":24,"column":46},"end":{"line":24,"column":null}},"3":{"start":{"line":25,"column":47},"end":{"line":25,"column":null}},"4":{"start":{"line":26,"column":46},"end":{"line":26,"column":null}},"5":{"start":{"line":34,"column":2},"end":{"line":42,"column":null}},"6":{"start":{"line":142,"column":2},"end":{"line":151,"column":null}}},"fnMap":{"0":{"name":"generatePermissionHookScript","decl":{"start":{"line":33,"column":16},"end":{"line":33,"column":55}},"loc":{"start":{"line":33,"column":55},"end":{"line":42,"column":null}},"line":33},"1":{"name":"buildPermissionHooksConfig","decl":{"start":{"line":141,"column":16},"end":{"line":141,"column":70}},"loc":{"start":{"line":141,"column":70},"end":{"line":151,"column":null}},"line":141}},"branchMap":{},"s":{"0":7,"1":7,"2":7,"3":7,"4":7,"5":0,"6":0},"f":{"0":0,"1":0},"b":{},"meta":{"lastBranch":0,"lastFunction":2,"lastStatement":7,"seen":{"s:22:37:22:Infinity":0,"s:23:43:23:Infinity":1,"s:24:46:24:Infinity":2,"s:25:47:25:Infinity":3,"s:26:46:26:Infinity":4,"f:33:16:33:55":0,"s:34:2:42:Infinity":5,"f:141:16:141:70":1,"s:142:2:151:Infinity":6}}}
,"/Users/paulmeller/Projects/managed-agents/packages/agent-sdk/src/backends/claude/tool-bridge.ts": {"path":"/Users/paulmeller/Projects/managed-agents/packages/agent-sdk/src/backends/claude/tool-bridge.ts","statementMap":{"0":{"start":{"line":22,"column":31},"end":{"line":22,"column":null}},"1":{"start":{"line":23,"column":39},"end":{"line":23,"column":null}},"2":{"start":{"line":24,"column":38},"end":{"line":24,"column":null}},"3":{"start":{"line":25,"column":40},"end":{"line":25,"column":null}},"4":{"start":{"line":26,"column":41},"end":{"line":26,"column":null}},"5":{"start":{"line":27,"column":40},"end":{"line":27,"column":null}},"6":{"start":{"line":34,"column":2},"end":{"line":43,"column":null}},"7":{"start":{"line":190,"column":2},"end":{"line":197,"column":null}},"8":{"start":{"line":204,"column":2},"end":{"line":210,"column":null}},"9":{"start":{"line":205,"column":22},"end":{"line":209,"column":7}}},"fnMap":{"0":{"name":"generateBridgeScript","decl":{"start":{"line":33,"column":16},"end":{"line":33,"column":47}},"loc":{"start":{"line":33,"column":47},"end":{"line":43,"column":null}},"line":33},"1":{"name":"buildBridgeMcpConfig","decl":{"start":{"line":187,"column":16},"end":{"line":187,"column":null}},"loc":{"start":{"line":189,"column":27},"end":{"line":197,"column":null}},"line":189},"2":{"name":"toolsToJson","decl":{"start":{"line":203,"column":16},"end":{"line":203,"column":28}},"loc":{"start":{"line":203,"column":57},"end":{"line":210,"column":null}},"line":203},"3":{"name":"(anonymous_3)","decl":{"start":{"line":205,"column":10},"end":{"line":205,"column":15}},"loc":{"start":{"line":205,"column":22},"end":{"line":209,"column":7}},"line":205}},"branchMap":{},"s":{"0":7,"1":7,"2":7,"3":7,"4":7,"5":7,"6":0,"7":2,"8":0,"9":0},"f":{"0":0,"1":2,"2":0,"3":0},"b":{},"meta":{"lastBranch":0,"lastFunction":4,"lastStatement":10,"seen":{"s:22:31:22:Infinity":0,"s:23:39:23:Infinity":1,"s:24:38:24:Infinity":2,"s:25:40:25:Infinity":3,"s:26:41:26:Infinity":4,"s:27:40:27:Infinity":5,"f:33:16:33:47":0,"s:34:2:43:Infinity":6,"f:187:16:187:Infinity":1,"s:190:2:197:Infinity":7,"f:203:16:203:28":2,"s:204:2:210:Infinity":8,"f:205:10:205:15":3,"s:205:22:209:7":9}}}
,"/Users/paulmeller/Projects/managed-agents/packages/agent-sdk/src/backends/claude/translator.ts": {"path":"/Users/paulmeller/Projects/managed-agents/packages/agent-sdk/src/backends/claude/translator.ts","statementMap":{"0":{"start":{"line":55,"column":21},"end":{"line":55,"column":57}},"1":{"start":{"line":58,"column":20},"end":{"line":58,"column":48}},"2":{"start":{"line":59,"column":39},"end":{"line":59,"column":null}},"3":{"start":{"line":60,"column":16},"end":{"line":60,"column":null}},"4":{"start":{"line":61,"column":18},"end":{"line":61,"column":null}},"5":{"start":{"line":62,"column":38},"end":{"line":62,"column":null}},"6":{"start":{"line":65,"column":4},"end":{"line":65,"column":null}},"7":{"start":{"line":65,"column":32},"end":{"line":65,"column":null}},"8":{"start":{"line":66,"column":4},"end":{"line":66,"column":null}},"9":{"start":{"line":66,"column":34},"end":{"line":66,"column":null}},"10":{"start":{"line":67,"column":4},"end":{"line":67,"column":null}},"11":{"start":{"line":67,"column":40},"end":{"line":67,"column":null}},"12":{"start":{"line":69,"column":4},"end":{"line":69,"column":null}},"13":{"start":{"line":73,"column":35},"end":{"line":73,"column":37}},"14":{"start":{"line":74,"column":17},"end":{"line":74,"column":39}},"15":{"start":{"line":76,"column":4},"end":{"line":91,"column":null}},"16":{"start":{"line":77,"column":22},"end":{"line":77,"column":null}},"17":{"start":{"line":78,"column":6},"end":{"line":89,"column":null}},"18":{"start":{"line":79,"column":8},"end":{"line":80,"column":null}},"19":{"start":{"line":80,"column":10},"end":{"line":80,"column":null}},"20":{"start":{"line":85,"column":8},"end":{"line":86,"column":null}},"21":{"start":{"line":86,"column":10},"end":{"line":86,"column":null}},"22":{"start":{"line":89,"column":8},"end":{"line":89,"column":null}},"23":{"start":{"line":91,"column":6},"end":{"line":91,"column":null}},"24":{"start":{"line":94,"column":4},"end":{"line":151,"column":null}},"25":{"start":{"line":95,"column":19},"end":{"line":95,"column":66}},"26":{"start":{"line":96,"column":21},"end":{"line":96,"column":38}},"27":{"start":{"line":97,"column":6},"end":{"line":147,"column":null}},"28":{"start":{"line":98,"column":8},"end":{"line":147,"column":null}},"29":{"start":{"line":99,"column":10},"end":{"line":104,"column":null}},"30":{"start":{"line":105,"column":19},"end":{"line":147,"column":null}},"31":{"start":{"line":106,"column":10},"end":{"line":111,"column":null}},"32":{"start":{"line":112,"column":19},"end":{"line":147,"column":null}},"33":{"start":{"line":113,"column":22},"end":{"line":113,"column":42}},"34":{"start":{"line":114,"column":10},"end":{"line":114,"column":null}},"35":{"start":{"line":115,"column":10},"end":{"line":147,"column":null}},"36":{"start":{"line":116,"column":12},"end":{"line":116,"column":null}},"37":{"start":{"line":117,"column":12},"end":{"line":124,"column":null}},"38":{"start":{"line":125,"column":21},"end":{"line":147,"column":null}},"39":{"start":{"line":127,"column":26},"end":{"line":127,"column":48}},"40":{"start":{"line":128,"column":31},"end":{"line":128,"column":null}},"41":{"start":{"line":129,"column":29},"end":{"line":129,"column":null}},"42":{"start":{"line":130,"column":12},"end":{"line":138,"column":null}},"43":{"start":{"line":140,"column":12},"end":{"line":147,"column":null}},"44":{"start":{"line":151,"column":6},"end":{"line":151,"column":null}},"45":{"start":{"line":154,"column":4},"end":{"line":172,"column":null}},"46":{"start":{"line":155,"column":19},"end":{"line":155,"column":66}},"47":{"start":{"line":156,"column":21},"end":{"line":156,"column":38}},"48":{"start":{"line":157,"column":6},"end":{"line":169,"column":null}},"49":{"start":{"line":158,"column":8},"end":{"line":169,"column":null}},"50":{"start":{"line":159,"column":22},"end":{"line":159,"column":54}},"51":{"start":{"line":160,"column":10},"end":{"line":160,"column":null}},"52":{"start":{"line":160,"column":32},"end":{"line":160,"column":null}},"53":{"start":{"line":161,"column":28},"end":{"line":161,"column":null}},"54":{"start":{"line":162,"column":10},"end":{"line":169,"column":null}},"55":{"start":{"line":172,"column":6},"end":{"line":172,"column":null}},"56":{"start":{"line":175,"column":4},"end":{"line":196,"column":null}},"57":{"start":{"line":176,"column":22},"end":{"line":176,"column":54}},"58":{"start":{"line":177,"column":24},"end":{"line":177,"column":78}},"59":{"start":{"line":178,"column":31},"end":{"line":184,"column":null}},"60":{"start":{"line":186,"column":6},"end":{"line":189,"column":null}},"61":{"start":{"line":186,"column":21},"end":{"line":186,"column":null}},"62":{"start":{"line":187,"column":15},"end":{"line":189,"column":null}},"63":{"start":{"line":187,"column":46},"end":{"line":187,"column":null}},"64":{"start":{"line":188,"column":15},"end":{"line":189,"column":null}},"65":{"start":{"line":188,"column":53},"end":{"line":188,"column":null}},"66":{"start":{"line":189,"column":11},"end":{"line":189,"column":null}},"67":{"start":{"line":191,"column":6},"end":{"line":195,"column":null}},"68":{"start":{"line":196,"column":6},"end":{"line":196,"column":null}},"69":{"start":{"line":200,"column":4},"end":{"line":200,"column":null}},"70":{"start":{"line":203,"column":2},"end":{"line":208,"column":null}},"71":{"start":{"line":205,"column":31},"end":{"line":205,"column":null}},"72":{"start":{"line":206,"column":25},"end":{"line":206,"column":null}},"73":{"start":{"line":207,"column":28},"end":{"line":207,"column":null}}},"fnMap":{"0":{"name":"createClaudeTranslator","decl":{"start":{"line":57,"column":16},"end":{"line":57,"column":39}},"loc":{"start":{"line":57,"column":76},"end":{"line":208,"column":null}},"line":57},"1":{"name":"classify","decl":{"start":{"line":64,"column":11},"end":{"line":64,"column":20}},"loc":{"start":{"line":64,"column":45},"end":{"line":69,"column":null}},"line":64},"2":{"name":"translate","decl":{"start":{"line":72,"column":11},"end":{"line":72,"column":21}},"loc":{"start":{"line":72,"column":70},"end":{"line":200,"column":null}},"line":72},"3":{"name":"(anonymous_3)","decl":{"start":{"line":205,"column":4},"end":{"line":205,"column":31}},"loc":{"start":{"line":205,"column":31},"end":{"line":205,"column":null}},"line":205},"4":{"name":"(anonymous_4)","decl":{"start":{"line":206,"column":4},"end":{"line":206,"column":25}},"loc":{"start":{"line":206,"column":25},"end":{"line":206,"column":null}},"line":206},"5":{"name":"(anonymous_5)","decl":{"start":{"line":207,"column":4},"end":{"line":207,"column":28}},"loc":{"start":{"line":207,"column":28},"end":{"line":207,"column":null}},"line":207}},"branchMap":{"0":{"loc":{"start":{"line":65,"column":4},"end":{"line":65,"column":null}},"type":"if","locations":[{"start":{"line":65,"column":4},"end":{"line":65,"column":null}},{"start":{},"end":{}}],"line":65},"1":{"loc":{"start":{"line":66,"column":4},"end":{"line":66,"column":null}},"type":"if","locations":[{"start":{"line":66,"column":4},"end":{"line":66,"column":null}},{"start":{},"end":{}}],"line":66},"2":{"loc":{"start":{"line":67,"column":4},"end":{"line":67,"column":null}},"type":"if","locations":[{"start":{"line":67,"column":4},"end":{"line":67,"column":null}},{"start":{},"end":{}}],"line":67},"3":{"loc":{"start":{"line":74,"column":24},"end":{"line":74,"column":39}},"type":"binary-expr","locations":[{"start":{"line":74,"column":24},"end":{"line":74,"column":36}},{"start":{"line":74,"column":36},"end":{"line":74,"column":39}}],"line":74},"4":{"loc":{"start":{"line":76,"column":4},"end":{"line":91,"column":null}},"type":"if","locations":[{"start":{"line":76,"column":4},"end":{"line":91,"column":null}},{"start":{},"end":{}}],"line":76},"5":{"loc":{"start":{"line":78,"column":6},"end":{"line":89,"column":null}},"type":"if","locations":[{"start":{"line":78,"column":6},"end":{"line":89,"column":null}},{"start":{},"end":{}}],"line":78},"6":{"loc":{"start":{"line":79,"column":8},"end":{"line":80,"column":null}},"type":"if","locations":[{"start":{"line":79,"column":8},"end":{"line":80,"column":null}},{"start":{},"end":{}}],"line":79},"7":{"loc":{"start":{"line":85,"column":8},"end":{"line":86,"column":null}},"type":"if","locations":[{"start":{"line":85,"column":8},"end":{"line":86,"column":null}},{"start":{},"end":{}}],"line":85},"8":{"loc":{"start":{"line":85,"column":12},"end":{"line":85,"column":42}},"type":"binary-expr","locations":[{"start":{"line":85,"column":12},"end":{"line":85,"column":24}},{"start":{"line":85,"column":24},"end":{"line":85,"column":42}}],"line":85},"9":{"loc":{"start":{"line":94,"column":4},"end":{"line":151,"column":null}},"type":"if","locations":[{"start":{"line":94,"column":4},"end":{"line":151,"column":null}},{"start":{},"end":{}}],"line":94},"10":{"loc":{"start":{"line":95,"column":19},"end":{"line":95,"column":66}},"type":"binary-expr","locations":[{"start":{"line":95,"column":19},"end":{"line":95,"column":64}},{"start":{"line":95,"column":64},"end":{"line":95,"column":66}}],"line":95},"11":{"loc":{"start":{"line":96,"column":21},"end":{"line":96,"column":38}},"type":"binary-expr","locations":[{"start":{"line":96,"column":21},"end":{"line":96,"column":36}},{"start":{"line":96,"column":36},"end":{"line":96,"column":38}}],"line":96},"12":{"loc":{"start":{"line":98,"column":8},"end":{"line":147,"column":null}},"type":"if","locations":[{"start":{"line":98,"column":8},"end":{"line":147,"column":null}},{"start":{"line":105,"column":19},"end":{"line":147,"column":null}}],"line":98},"13":{"loc":{"start":{"line":98,"column":12},"end":{"line":98,"column":69}},"type":"binary-expr","locations":[{"start":{"line":98,"column":12},"end":{"line":98,"column":37}},{"start":{"line":98,"column":37},"end":{"line":98,"column":69}}],"line":98},"14":{"loc":{"start":{"line":105,"column":19},"end":{"line":147,"column":null}},"type":"if","locations":[{"start":{"line":105,"column":19},"end":{"line":147,"column":null}},{"start":{"line":112,"column":19},"end":{"line":147,"column":null}}],"line":105},"15":{"loc":{"start":{"line":105,"column":19},"end":{"line":105,"column":84}},"type":"binary-expr","locations":[{"start":{"line":105,"column":19},"end":{"line":105,"column":48}},{"start":{"line":105,"column":48},"end":{"line":105,"column":84}}],"line":105},"16":{"loc":{"start":{"line":112,"column":19},"end":{"line":147,"column":null}},"type":"if","locations":[{"start":{"line":112,"column":19},"end":{"line":147,"column":null}},{"start":{},"end":{}}],"line":112},"17":{"loc":{"start":{"line":112,"column":19},"end":{"line":112,"column":72}},"type":"binary-expr","locations":[{"start":{"line":112,"column":19},"end":{"line":112,"column":48}},{"start":{"line":112,"column":48},"end":{"line":112,"column":60}},{"start":{"line":112,"column":60},"end":{"line":112,"column":72}}],"line":112},"18":{"loc":{"start":{"line":115,"column":10},"end":{"line":147,"column":null}},"type":"if","locations":[{"start":{"line":115,"column":10},"end":{"line":147,"column":null}},{"start":{"line":125,"column":21},"end":{"line":147,"column":null}}],"line":115},"19":{"loc":{"start":{"line":122,"column":23},"end":{"line":122,"column":null}},"type":"binary-expr","locations":[{"start":{"line":122,"column":23},"end":{"line":122,"column":38}},{"start":{"line":122,"column":38},"end":{"line":122,"column":null}}],"line":122},"20":{"loc":{"start":{"line":125,"column":21},"end":{"line":147,"column":null}},"type":"if","locations":[{"start":{"line":125,"column":21},"end":{"line":147,"column":null}},{"start":{"line":139,"column":17},"end":{"line":147,"column":null}}],"line":125},"21":{"loc":{"start":{"line":128,"column":31},"end":{"line":128,"column":null}},"type":"binary-expr","locations":[{"start":{"line":128,"column":31},"end":{"line":128,"column":43}},{"start":{"line":128,"column":43},"end":{"line":128,"column":null}}],"line":128},"22":{"loc":{"start":{"line":129,"column":29},"end":{"line":129,"column":null}},"type":"binary-expr","locations":[{"start":{"line":129,"column":29},"end":{"line":129,"column":54}},{"start":{"line":129,"column":58},"end":{"line":129,"column":null}}],"line":129},"23":{"loc":{"start":{"line":136,"column":23},"end":{"line":136,"column":null}},"type":"binary-expr","locations":[{"start":{"line":136,"column":23},"end":{"line":136,"column":38}},{"start":{"line":136,"column":38},"end":{"line":136,"column":null}}],"line":136},"24":{"loc":{"start":{"line":145,"column":23},"end":{"line":145,"column":null}},"type":"binary-expr","locations":[{"start":{"line":145,"column":23},"end":{"line":145,"column":38}},{"start":{"line":145,"column":38},"end":{"line":145,"column":null}}],"line":145},"25":{"loc":{"start":{"line":154,"column":4},"end":{"line":172,"column":null}},"type":"if","locations":[{"start":{"line":154,"column":4},"end":{"line":172,"column":null}},{"start":{},"end":{}}],"line":154},"26":{"loc":{"start":{"line":155,"column":19},"end":{"line":155,"column":66}},"type":"binary-expr","locations":[{"start":{"line":155,"column":19},"end":{"line":155,"column":64}},{"start":{"line":155,"column":64},"end":{"line":155,"column":66}}],"line":155},"27":{"loc":{"start":{"line":156,"column":21},"end":{"line":156,"column":38}},"type":"binary-expr","locations":[{"start":{"line":156,"column":21},"end":{"line":156,"column":36}},{"start":{"line":156,"column":36},"end":{"line":156,"column":38}}],"line":156},"28":{"loc":{"start":{"line":158,"column":8},"end":{"line":169,"column":null}},"type":"if","locations":[{"start":{"line":158,"column":8},"end":{"line":169,"column":null}},{"start":{},"end":{}}],"line":158},"29":{"loc":{"start":{"line":158,"column":12},"end":{"line":158,"column":63}},"type":"binary-expr","locations":[{"start":{"line":158,"column":12},"end":{"line":158,"column":44}},{"start":{"line":158,"column":44},"end":{"line":158,"column":63}}],"line":158},"30":{"loc":{"start":{"line":160,"column":10},"end":{"line":160,"column":null}},"type":"if","locations":[{"start":{"line":160,"column":10},"end":{"line":160,"column":null}},{"start":{},"end":{}}],"line":160},"31":{"loc":{"start":{"line":161,"column":28},"end":{"line":161,"column":null}},"type":"cond-expr","locations":[{"start":{"line":161,"column":44},"end":{"line":161,"column":70}},{"start":{"line":161,"column":70},"end":{"line":161,"column":null}}],"line":161},"32":{"loc":{"start":{"line":166,"column":23},"end":{"line":166,"column":null}},"type":"binary-expr","locations":[{"start":{"line":166,"column":23},"end":{"line":166,"column":40}},{"start":{"line":166,"column":40},"end":{"line":166,"column":null}}],"line":166},"33":{"loc":{"start":{"line":167,"column":24},"end":{"line":167,"column":null}},"type":"binary-expr","locations":[{"start":{"line":167,"column":24},"end":{"line":167,"column":42}},{"start":{"line":167,"column":42},"end":{"line":167,"column":null}}],"line":167},"34":{"loc":{"start":{"line":175,"column":4},"end":{"line":196,"column":null}},"type":"if","locations":[{"start":{"line":175,"column":4},"end":{"line":196,"column":null}},{"start":{},"end":{}}],"line":175},"35":{"loc":{"start":{"line":176,"column":29},"end":{"line":176,"column":54}},"type":"binary-expr","locations":[{"start":{"line":176,"column":29},"end":{"line":176,"column":44}},{"start":{"line":176,"column":44},"end":{"line":176,"column":54}}],"line":176},"36":{"loc":{"start":{"line":177,"column":24},"end":{"line":177,"column":78}},"type":"binary-expr","locations":[{"start":{"line":177,"column":24},"end":{"line":177,"column":76}},{"start":{"line":177,"column":76},"end":{"line":177,"column":78}}],"line":177},"37":{"loc":{"start":{"line":179,"column":22},"end":{"line":179,"column":null}},"type":"binary-expr","locations":[{"start":{"line":179,"column":22},"end":{"line":179,"column":47}},{"start":{"line":179,"column":47},"end":{"line":179,"column":null}}],"line":179},"38":{"loc":{"start":{"line":180,"column":23},"end":{"line":180,"column":null}},"type":"binary-expr","locations":[{"start":{"line":180,"column":23},"end":{"line":180,"column":49}},{"start":{"line":180,"column":49},"end":{"line":180,"column":null}}],"line":180},"39":{"loc":{"start":{"line":181,"column":33},"end":{"line":181,"column":null}},"type":"binary-expr","locations":[{"start":{"line":181,"column":33},"end":{"line":181,"column":69}},{"start":{"line":181,"column":69},"end":{"line":181,"column":null}}],"line":181},"40":{"loc":{"start":{"line":182,"column":37},"end":{"line":182,"column":null}},"type":"binary-expr","locations":[{"start":{"line":182,"column":37},"end":{"line":182,"column":77}},{"start":{"line":182,"column":77},"end":{"line":182,"column":null}}],"line":182},"41":{"loc":{"start":{"line":183,"column":19},"end":{"line":183,"column":null}},"type":"binary-expr","locations":[{"start":{"line":183,"column":19},"end":{"line":183,"column":64}},{"start":{"line":183,"column":64},"end":{"line":183,"column":null}}],"line":183},"42":{"loc":{"start":{"line":186,"column":6},"end":{"line":189,"column":null}},"type":"if","locations":[{"start":{"line":186,"column":6},"end":{"line":189,"column":null}},{"start":{"line":187,"column":15},"end":{"line":189,"column":null}}],"line":186},"43":{"loc":{"start":{"line":187,"column":15},"end":{"line":189,"column":null}},"type":"if","locations":[{"start":{"line":187,"column":15},"end":{"line":189,"column":null}},{"start":{"line":188,"column":15},"end":{"line":189,"column":null}}],"line":187},"44":{"loc":{"start":{"line":188,"column":15},"end":{"line":189,"column":null}},"type":"if","locations":[{"start":{"line":188,"column":15},"end":{"line":189,"column":null}},{"start":{"line":189,"column":11},"end":{"line":189,"column":null}}],"line":188},"45":{"loc":{"start":{"line":194,"column":20},"end":{"line":194,"column":null}},"type":"binary-expr","locations":[{"start":{"line":194,"column":20},"end":{"line":194,"column":60}},{"start":{"line":194,"column":60},"end":{"line":194,"column":null}}],"line":194}},"s":{"0":8,"1":11,"2":11,"3":11,"4":11,"5":11,"6":5,"7":1,"8":4,"9":1,"10":3,"11":3,"12":0,"13":19,"14":19,"15":19,"16":3,"17":3,"18":3,"19":3,"20":3,"21":2,"22":3,"23":3,"24":16,"25":8,"26":8,"27":8,"28":9,"29":3,"30":6,"31":1,"32":5,"33":5,"34":5,"35":5,"36":3,"37":3,"38":2,"39":1,"40":1,"41":1,"42":1,"43":1,"44":8,"45":8,"46":3,"47":3,"48":3,"49":3,"50":3,"51":3,"52":1,"53":2,"54":3,"55":3,"56":5,"57":5,"58":5,"59":5,"60":5,"61":2,"62":3,"63":1,"64":2,"65":0,"66":2,"67":5,"68":5,"69":0,"70":11,"71":3,"72":5,"73":1},"f":{"0":11,"1":5,"2":19,"3":3,"4":5,"5":1},"b":{"0":[1,4],"1":[1,3],"2":[3,0],"3":[19,0],"4":[3,16],"5":[3,0],"6":[3,0],"7":[2,1],"8":[3,3],"9":[8,8],"10":[8,0],"11":[8,0],"12":[3,6],"13":[9,3],"14":[1,5],"15":[6,1],"16":[5,0],"17":[5,5,5],"18":[3,2],"19":[3,0],"20":[1,1],"21":[1,0],"22":[1,0],"23":[1,0],"24":[1,0],"25":[3,5],"26":[3,0],"27":[3,0],"28":[3,0],"29":[3,3],"30":[1,2],"31":[1,1],"32":[3,0],"33":[3,1],"34":[5,0],"35":[5,0],"36":[5,0],"37":[5,2],"38":[5,2],"39":[5,3],"40":[5,3],"41":[5,2],"42":[2,3],"43":[1,2],"44":[0,2],"45":[5,0]},"meta":{"lastBranch":46,"lastFunction":6,"lastStatement":74,"seen":{"s:55:21:55:57":0,"f:57:16:57:39":0,"s:58:20:58:48":1,"s:59:39:59:Infinity":2,"s:60:16:60:Infinity":3,"s:61:18:61:Infinity":4,"s:62:38:62:Infinity":5,"f:64:11:64:20":1,"b:65:4:65:Infinity:undefined:undefined:undefined:undefined":0,"s:65:4:65:Infinity":6,"s:65:32:65:Infinity":7,"b:66:4:66:Infinity:undefined:undefined:undefined:undefined":1,"s:66:4:66:Infinity":8,"s:66:34:66:Infinity":9,"b:67:4:67:Infinity:undefined:undefined:undefined:undefined":2,"s:67:4:67:Infinity":10,"s:67:40:67:Infinity":11,"s:69:4:69:Infinity":12,"f:72:11:72:21":2,"s:73:35:73:37":13,"s:74:17:74:39":14,"b:74:24:74:36:74:36:74:39":3,"b:76:4:91:Infinity:undefined:undefined:undefined:undefined":4,"s:76:4:91:Infinity":15,"s:77:22:77:Infinity":16,"b:78:6:89:Infinity:undefined:undefined:undefined:undefined":5,"s:78:6:89:Infinity":17,"b:79:8:80:Infinity:undefined:undefined:undefined:undefined":6,"s:79:8:80:Infinity":18,"s:80:10:80:Infinity":19,"b:85:8:86:Infinity:undefined:undefined:undefined:undefined":7,"s:85:8:86:Infinity":20,"b:85:12:85:24:85:24:85:42":8,"s:86:10:86:Infinity":21,"s:89:8:89:Infinity":22,"s:91:6:91:Infinity":23,"b:94:4:151:Infinity:undefined:undefined:undefined:undefined":9,"s:94:4:151:Infinity":24,"s:95:19:95:66":25,"b:95:19:95:64:95:64:95:66":10,"s:96:21:96:38":26,"b:96:21:96:36:96:36:96:38":11,"s:97:
[...]
,"/Users/paulmeller/Projects/managed-agents/packages/agent-sdk/src/sprite/setup.ts": {"path":"/Users/paulmeller/Projects/managed-agents/packages/agent-sdk/src/sprite/setup.ts","statementMap":{"0":{"start":{"line":37,"column":21},"end":{"line":37,"column":null}},"1":{"start":{"line":40,"column":20},"end":{"line":40,"column":86}},"2":{"start":{"line":41,"column":2},"end":{"line":41,"column":null}},"3":{"start":{"line":45,"column":2},"end":{"line":45,"column":null}},"4":{"start":{"line":45,"column":17},"end":{"line":45,"column":null}},"5":{"start":{"line":46,"column":25},"end":{"line":46,"column":27}},"6":{"start":{"line":48,"column":2},"end":{"line":49,"column":null}},"7":{"start":{"line":49,"column":4},"end":{"line":49,"column":null}},"8":{"start":{"line":51,"column":2},"end":{"line":52,"column":null}},"9":{"start":{"line":52,"column":4},"end":{"line":52,"column":null}},"10":{"start":{"line":54,"column":2},"end":{"line":55,"column":null}},"11":{"start":{"line":55,"column":4},"end":{"line":55,"column":null}},"12":{"start":{"line":57,"column":2},"end":{"line":58,"column":null}},"13":{"start":{"line":58,"column":4},"end":{"line":58,"column":null}},"14":{"start":{"line":58,"column":35},"end":{"line":58,"column":null}},"15":{"start":{"line":60,"column":2},"end":{"line":61,"column":null}},"16":{"start":{"line":61,"column":4},"end":{"line":61,"column":null}},"17":{"start":{"line":63,"column":2},"end":{"line":64,"column":null}},"18":{"start":{"line":64,"column":4},"end":{"line":64,"column":null}},"19":{"start":{"line":66,"column":2},"end":{"line":66,"column":null}},"20":{"start":{"line":70,"column":2},"end":{"line":70,"column":null}},"21":{"start":{"line":82,"column":12},"end":{"line":82,"column":56}},"22":{"start":{"line":83,"column":2},"end":{"line":83,"column":null}},"23":{"start":{"line":85,"column":15},"end":{"line":85,"column":37}},"24":{"start":{"line":86,"column":19},"end":{"line":86,"column":null}},"25":{"start":{"line":87,"column":22},"end":{"line":87,"column":52}},"26":{"start":{"line":88,"column":2},"end":{"line":90,"column":null}},"27":{"start":{"line":89,"column":4},"end":{"line":89,"column":null}},"28":{"start":{"line":90,"column":4},"end":{"line":90,"column":null}},"29":{"start":{"line":93,"column":17},"end":{"line":98,"column":16}},"30":{"start":{"line":100,"column":17},"end":{"line":102,"column":4}},"31":{"start":{"line":103,"column":2},"end":{"line":104,"column":null}},"32":{"start":{"line":104,"column":4},"end":{"line":104,"column":null}},"33":{"start":{"line":114,"column":2},"end":{"line":122,"column":null}},"34":{"start":{"line":115,"column":16},"end":{"line":115,"column":64}},"35":{"start":{"line":116,"column":4},"end":{"line":116,"column":null}},"36":{"start":{"line":117,"column":4},"end":{"line":120,"column":null}},"37":{"start":{"line":118,"column":6},"end":{"line":118,"column":null}},"38":{"start":{"line":120,"column":6},"end":{"line":120,"column":null}},"39":{"start":{"line":126,"column":8},"end":{"line":126,"column":38}},"40":{"start":{"line":127,"column":2},"end":{"line":127,"column":null}},"41":{"start":{"line":127,"column":12},"end":{"line":127,"column":null}},"42":{"start":{"line":128,"column":2},"end":{"line":128,"column":null}},"43":{"start":{"line":128,"column":29},"end":{"line":128,"column":null}},"44":{"start":{"line":130,"column":17},"end":{"line":130,"column":44}},"45":{"start":{"line":131,"column":19},"end":{"line":131,"column":66}},"46":{"start":{"line":132,"column":22},"end":{"line":132,"column":102}},"47":{"start":{"line":132,"column":84},"end":{"line":132,"column":102}},"48":{"start":{"line":134,"column":2},"end":{"line":138,"column":null}},"49":{"start":{"line":137,"column":4},"end":{"line":137,"column":null}},"50":{"start":{"line":138,"column":4},"end":{"line":138,"column":null}},"51":{"start":{"line":146,"column":23},"end":{"line":146,"column":null}},"52":{"start":{"line":147,"column":2},"end":{"line":147,"column":null}},"53":{"start":{"line":148,"column":2},"end":{"line":155,"column":null}},"54":{"start":{"line":149,"column":4},"end":{"line":149,"column":null}},"55":{"start":{"line":151,"column":4},"end":{"line":151,"column":null}},"56":{"start":{"line":153,"column":4},"end":{"line":153,"column":null}},"57":{"start":{"line":155,"column":4},"end":{"line":155,"column":null}}},"fnMap":{"0":{"name":"hashPackages","decl":{"start":{"line":39,"column":9},"end":{"line":39,"column":22}},"loc":{"start":{"line":39,"column":71},"end":{"line":41,"column":null}},"line":39},"1":{"name":"buildInstallCommands","decl":{"start":{"line":44,"column":9},"end":{"line":44,"column":30}},"loc":{"start":{"line":44,"column":81},"end":{"line":66,"column":null}},"line":44},"2":{"name":"shellEscape","decl":{"start":{"line":69,"column":9},"end":{"line":69,"column":21}},"loc":{"start":{"line":69,"column":40},"end":{"line":70,"column":null}},"line":69},"3":{"name":"prepareSprite","decl":{"start":{"line":77,"column":22},"end":{"line":77,"column":null}},"loc":{"start":{"line":81,"column":17},"end":{"line":104,"column":null}},"line":81},"4":{"name":"kickoffEnvironmentSetup","decl":{"start":{"line":112,"column":16},"end":{"line":112,"column":40}},"loc":{"start":{"line":112,"column":61},"end":{"line":122,"column":null}},"line":112},"5":{"name":"(anonymous_5)","decl":{"start":{"line":114,"column":29},"end":{"line":114,"column":36}},"loc":{"start":{"line":114,"column":53},"end":{"line":122,"column":null}},"line":114},"6":{"name":"runEnvironmentSetup","decl":{"start":{"line":125,"column":15},"end":{"line":125,"column":35}},"loc":{"start":{"line":125,"column":65},"end":{"line":155,"column":null}},"line":125},"7":{"name":"(anonymous_7)","decl":{"start":{"line":132,"column":72},"end":{"line":132,"column":78}},"loc":{"start":{"line":132,"column":84},"end":{"line":132,"column":102}},"line":132},"8":{"name":"(anonymous_8)","decl":{"start":{"line":155,"column":40},"end":{"line":155,"column":52}},"loc":{"start":{"line":155,"column":52},"end":{"line":155,"column":55}},"line":155}},"branchMap":{"0":{"loc":{"start":{"line":40,"column":35},"end":{"line":40,"column":49}},"type":"binary-expr","locations":[{"start":{"line":40,"column":35},"end":{"line":40,"column":47}},{"start":{"line":40,"column":47},"end":{"line":40,"column":49}}],"line":40},"1":{"loc":{"start":{"line":40,"column":63},"end":{"line":40,"column":77}},"type":"binary-expr","locations":[{"start":{"line":40,"column":63},"end":{"line":40,"column":75}},{"start":{"line":40,"column":75},"end":{"line":40,"column":77}}],"line":40},"2":{"loc":{"start":{"line":45,"column":2},"end":{"line":45,"column":null}},"type":"if","locations":[{"start":{"line":45,"column":2},"end":{"line":45,"column":null}},{"start":{},"end":{}}],"line":45},"3":{"loc":{"start":{"line":48,"column":2},"end":{"line":49,"column":null}},"type":"if","locations":[{"start":{"line":48,"column":2},"end":{"line":49,"column":null}},{"start":{},"end":{}}],"line":48},"4":{"loc":{"start":{"line":51,"column":2},"end":{"line":52,"column":null}},"type":"if","locations":[{"start":{"line":51,"column":2},"end":{"line":52,"column":null}},{"start":{},"end":{}}],"line":51},"5":{"loc":{"start":{"line":54,"column":2},"end":{"line":55,"column":null}},"type":"if","locations":[{"start":{"line":54,"column":2},"end":{"line":55,"column":null}},{"start":{},"end":{}}],"line":54},"6":{"loc":{"start":{"line":57,"column":2},"end":{"line":58,"column":null}},"type":"if","locations":[{"start":{"line":57,"column":2},"end":{"line":58,"column":null}},{"start":{},"end":{}}],"line":57},"7":{"loc":{"start":{"line":60,"column":2},"end":{"line":61,"column":null}},"type":"if","locations":[{"start":{"line":60,"column":2},"end":{"line":61,"column":null}},{"start":{},"end":{}}],"line":60},"8":{"loc":{"start":{"line":63,"column":2},"end":{"line":64,"column":null}},"type":"if","locations":[{"start":{"line":63,"column":2},"end":{"line":64,"column":null}},{"start":{},"end":{}}],"line":63},"9":{"loc":{"start":{"line":82,"column":12},"end":{"line":82,"column":56}},"type":"binary-expr","locations":[{"start":{"line":82,"column":12},"end":{"line":82,"column":24}},{"start":{"line":82,"column":24},"end":{"line":82,"column":56}}],"line":82},"10":{"loc":{"start":{"line":88,"column":2},"end":{"line":90,"column":null}},"type":"if","locations":[{"start":{"line":88,"column":2},"end":{"line":90,"column":null}},{"start":{},"end":{}}],"line":88},"11":{"loc":{"start":{"line":103,"column":2},"end":{"line":104,"column":null}},"type":"if","locations":[{"start":{"line":103,"column":2},"end":{"line":104,"column":null}},{"start":{},"end":{}}],"line":103},"12":{"loc":{"start":{"line":115,"column":16},"end":{"line":115,"column":64}},"type":"cond-expr","locations":[{"start":{"line":115,"column":39},"end":{"line":115,"column":53}},{"start":{"line":115,"column":53},"end":{"line":115,"column":64}}],"line":115},"13":{"loc":{"start":{"line":127,"column":2},"end":{"line":127,"column":null}},"type":"if","locations":[{"start":{"line":127,"column":2},"end":{"line":127,"column":null}},{"start":{},"end":{}}],"line":127},"14":{"loc":{"start":{"line":128,"column":2},"end":{"line":128,"column":null}},"type":"if","locations":[{"start":{"line":128,"column":2},"end":{"line":128,"column":null}},{"start":{},"end":{}}],"line":128},"15":{"loc":{"start":{"line":132,"column":22},"end":{"line":132,"column":102}},"type":"binary-expr","locations":[{"start":{"line":132,"column":22},"end":{"line":132,"column":41}},{"start":{"line":132,"column":41},"end":{"line":132,"column":102}}],"line":132},"16":{"loc":{"start":{"line":132,"column":84},"end":{"line":132,"column":102}},"type":"binary-expr","locations":[{"start":{"line":132,"column":84},"end":{"line":132,"column":89}},{"start":{"line":132,"column":89},"end":{"line":132,"column":102}}],"line":132},"17":{"loc":{"start":{"line":134,"column":2},"end":{"line":138,"column":null}},"type":"if","locations":[{"start":{"line":134,"column":2},"end":{"line":138,"column":null}},{"start":{},"end":{}}],"line":134}},"s":{"0":3,"1":0,"2":0,"3":0,"4":0,"5":0,"6":0,"7":0,"8":0,"9":0,"10":0,"11":0,"12":0,"13":0,"14":0,"15":0,"16":0,"17":0,"18":0,"19":0,"20":0,"21":0,"22":0,"23":0,"24":0,"25":0,"26":0,"27":0,"28":0,"29":0,"30":0,"31":0,"32":0,"33":8,"34":0,"35":0,"36":0,"37":0,"38":0,"39":8,"40":8,"41":0,"42":8,"43":0,"44":8,"45":8,"46":8,"47":0,"48":8,"49":8,"50":8,"51":0,"52":0,"53":0,"54":0,"55":0,"56":0,"57":0},"f":{"0":0,"1":0,"2":0,"3":0,"4":8,"5":0,"6":8,"7":0,"8":0},"b":{"0":[0,0],"1":[0,0],"2":[0,0],"3":[0,0],"4":[0,0],"5":[0,0],"6":[0,0],"7":[0,0],"8":[0,0],"9":[0,0],"10":[0,0],"11":[0,0],"12":[0,0],"13":[0,8],"14":[0,8],"15":[8,8],"16":[0,0],"17":[8,0]},"meta":{"lastBranch":18,"lastFunction":9,"lastStatement":58,"seen":{"s:37:21:37:Infinity":0,"f:39:9:39:22":0,"s:40:20:40:86":1,"b:40:35:40:47:40:47:40:49":0,"b:40:63:40:75:40:75:40:77":1,"s:41:2:41:Infinity":2,"f:44:9:44:30":1,"b:45:2:45:Infinity:undefined:undefined:undefined:undefined":2,"s:45:2:45:Infinity":3,"s:45:17:45:Infinity":4,"s:46:25:46:27":5,"b:48:2:49:Infinity:undefined:undefined:undefined:undefined":3,"s:48:2:49:Infinity":6,"s:49:4:49:Infinity":7,"b:51:2:52:Infinity:undefined:undefined:undefined:undefined":4,"s:51:2:52:Infinity":8,"s:52:4:52:Infinity":9,"b:54:2:55:Infinity:undefined:undefined:undefined:undefined":5,"s:54:2:55:Infinity":10,"s:55:4:55:Infinity":11,"b:57:2:58:Infinity:undefined:undefined:undefined:undefined":6,"s:57:2:58:Infinity":12,"s:58:4:58:Infinity":13,"s:58:35:58:Infinity":14,"b:60:2:61:Infinity:undefined:undefined:undefined:undefined":7,"s:60:2:61:Infinity":15,"s:61:4:61:Infinity":16,"b:63:2:64:Infinity:undefined:undefined:undefined:undefined":8,"s:63:2:64:Infinity":17,"s:64:4:64:Infinity":18,"s:66:2:66:Infinity":19,"f:69:9:69:21":2,"s:70:2:70:Infinity":20,"f:77:22:77:Infinity":3,"s:82:12:82:56":21,"b:82:12:82:24:82:24:82:56":9,"s:83:2:83:Infinity":22,"s:85:15:85:37":23,"s:86:19:86:Infinity":24,"s:87:22:87:52":25,"b:88:2:90:Infinity:undefined:undefined:undefined:undefined":10,"s:88:2:90:Infinity":26,"s:89:4:89:Infinity":27,"s:90:4:90:Infinity":28,"s:93:17:98:16":29,"s:100:17:102:4":30,"b:103:2:104:Infinity:undefined:undefined:undefined:undefined":11,"s:103:2:104:Infinity":31,"s:104:4:104:Infinity":32,"f:112:16:112:40":4,"s:114:2:122:Infinity":33,"f:114:29:114:36":5,"s:115:16:115:64":34,"b:115:39:115:53:115:53:115:64":12,"s:116:4:116:Infinity":35,"s:117:4:120:Infinity":36,"s:118:6:118:Infinity":37,"s:120:6:120:Infinity":38,"f:125:15:125:35":6,"s:126:8:126:38":39,"b:127:2:127:Infinity:undefined:undefined:undefined:undefined":13,"s:127:2:127:Infinity":40,"s:127:12:127:Infinity":41,"b:128:2:128:Infinity:undefined:undefined:undefined:undefined":14,"s:128:2:128:Infinity":42,"s:128:29:128:Infinity":43,"s:130:17:130:44":44,"s:131:19:131:66":45,"s:132:22:132:102":46,"b:132:22:132:41:132:41:132:102":15,"f:132:72:132:78":7,"s:132:84:132:102":47,"b:132:84:132:89:132:89:132:102":16,"b:134:2:138:Infinity:undefined:undefined:undefined:undefined":17,"s:134:2:138:Infinity":48,"s:137:4:137:Infinity":49,"s:138:4:138:Infinity":50,"s:146:23:146:Infinity":51,"s:147:2:147:Infinity":52,"s:148:2:155:Infinity":53,"s:149:4:149:Infinity":54,"s:151:4:151:Infinity":55,"s:153:4:153:Infinity":56,"s:155:4:155:Infinity":57,"f:155:40:155:52":8}}}
,"/Users/paulmeller/Projects/managed-agents/packages/agent-sdk/src/util/clock.ts": {"path":"/Users/paulmeller/Projects/managed-agents/packages/agent-sdk/src/util/clock.ts","statementMap":{"0":{"start":{"line":2,"column":2},"end":{"line":2,"column":null}},"1":{"start":{"line":6,"column":2},"end":{"line":6,"column":null}}},"fnMap":{"0":{"name":"nowMs","decl":{"start":{"line":1,"column":16},"end":{"line":1,"column":32}},"loc":{"start":{"line":1,"column":32},"end":{"line":2,"column":null}},"line":1},"1":{"name":"toIso","decl":{"start":{"line":5,"column":16},"end":{"line":5,"column":22}},"loc":{"start":{"line":5,"column":42},"end":{"line":6,"column":null}},"line":5}},"branchMap":{},"s":{"0":1631,"1":1773},"f":{"0":1631,"1":1773},"b":{},"meta":{"lastBranch":0,"lastFunction":2,"lastStatement":2,"seen":{"f:1:16:1:32":0,"s:2:2:2:Infinity":0,"f:5:16:5:22":1,"s:6:2:6:Infinity":1}}}
,"/Users/paulmeller/Projects/managed-agents/packages/agent-sdk/src/util/ids.ts": {"path":"/Users/paulmeller/Projects/managed-agents/packages/agent-sdk/src/util/ids.ts","statementMap":{"0":{"start":{"line":6,"column":2},"end":{"line":6,"column":null}},"1":{"start":{"line":10,"column":2},"end":{"line":10,"column":null}}},"fnMap":{"0":{"name":"newId","decl":{"start":{"line":5,"column":16},"end":{"line":5,"column":22}},"loc":{"start":{"line":5,"column":46},"end":{"line":6,"column":null}},"line":5},"1":{"name":"isId","decl":{"start":{"line":9,"column":16},"end":{"line":9,"column":21}},"loc":{"start":{"line":9,"column":70},"end":{"line":10,"column":null}},"line":9}},"branchMap":{"0":{"loc":{"start":{"line":10,"column":9},"end":{"line":10,"column":68}},"type":"binary-expr","locations":[{"start":{"line":10,"column":9},"end":{"line":10,"column":38}},{"start":{"line":10,"column":38},"end":{"line":10,"column":68}}],"line":10}},"s":{"0":781,"1":0},"f":{"0":781,"1":0},"b":{"0":[0,0]},"meta":{"lastBranch":1,"lastFunction":2,"lastStatement":2,"seen":{"f:5:16:5:22":0,"s:6:2:6:Infinity":0,"f:9:16:9:21":1,"s:10:2:10:Infinity":1,"b:10:9:10:38:10:38:10:68":0}}}
,"/Users/paulmeller/Projects/managed-agents/packages/agent-sdk/test/helpers/fake-exec.ts": {"path":"/Users/paulmeller/Projects/managed-agents/packages/agent-sdk/test/helpers/fake-exec.ts","statementMap":{"0":{"start":{"line":28,"column":26},"end":{"line":28,"column":28}},"1":{"start":{"line":31,"column":2},"end":{"line":31,"column":null}},"2":{"start":{"line":35,"column":2},"end":{"line":35,"column":null}},"3":{"start":{"line":42,"column":15},"end":{"line":42,"column":28}},"4":{"start":{"line":43,"column":2},"end":{"line":44,"column":null}},"5":{"start":{"line":44,"column":4},"end":{"line":44,"column":null}},"6":{"start":{"line":46,"column":2},"end":{"line":46,"column":null}},"7":{"start":{"line":47,"column":2},"end":{"line":47,"column":null}},"8":{"start":{"line":49,"column":15},"end":{"line":49,"column":null}},"9":{"start":{"line":50,"column":18},"end":{"line":50,"column":35}},"10":{"start":{"line":51,"column":17},"end":{"line":56,"column":4}},"11":{"start":{"line":53,"column":6},"end":{"line":53,"column":null}},"12":{"start":{"line":54,"column":6},"end":{"line":54,"column":null}},"13":{"start":{"line":58,"column":2},"end":{"line":64,"column":null}}},"fnMap":{"0":{"name":"enqueueTurn","decl":{"start":{"line":30,"column":16},"end":{"line":30,"column":28}},"loc":{"start":{"line":30,"column":50},"end":{"line":31,"column":null}},"line":30},"1":{"name":"resetQueue","decl":{"start":{"line":34,"column":16},"end":{"line":34,"column":35}},"loc":{"start":{"line":34,"column":35},"end":{"line":35,"column":null}},"line":34},"2":{"name":"startExec","decl":{"start":{"line":38,"column":22},"end":{"line":38,"column":null}},"loc":{"start":{"line":41,"column":24},"end":{"line":64,"column":null}},"line":41},"3":{"name":"(anonymous_3)","decl":{"start":{"line":52,"column":4},"end":{"line":52,"column":10}},"loc":{"start":{"line":52,"column":22},"end":{"line":56,"column":4}},"line":52},"4":{"name":"(anonymous_4)","decl":{"start":{"line":61,"column":10},"end":{"line":61,"column":17}},"loc":{"start":{"line":61,"column":17},"end":{"line":61,"column":null}},"line":61}},"branchMap":{"0":{"loc":{"start":{"line":43,"column":2},"end":{"line":44,"column":null}},"type":"if","locations":[{"start":{"line":43,"column":2},"end":{"line":44,"column":null}},{"start":{},"end":{}}],"line":43},"1":{"loc":{"start":{"line":46,"column":17},"end":{"line":46,"column":34}},"type":"binary-expr","locations":[{"start":{"line":46,"column":17},"end":{"line":46,"column":31}},{"start":{"line":46,"column":31},"end":{"line":46,"column":34}}],"line":46}},"s":{"0":3,"1":6,"2":6,"3":6,"4":6,"5":0,"6":6,"7":6,"8":6,"9":6,"10":6,"11":6,"12":6,"13":6},"f":{"0":6,"1":6,"2":6,"3":6,"4":0},"b":{"0":[0,6],"1":[5,0]},"meta":{"lastBranch":2,"lastFunction":5,"lastStatement":14,"seen":{"s:28:26:28:28":0,"f:30:16:30:28":0,"s:31:2:31:Infinity":1,"f:34:16:34:35":1,"s:35:2:35:Infinity":2,"f:38:22:38:Infinity":2,"s:42:15:42:28":3,"b:43:2:44:Infinity:undefined:undefined:undefined:undefined":0,"s:43:2:44:Infinity":4,"s:44:4:44:Infinity":5,"s:46:2:46:Infinity":6,"b:46:17:46:31:46:31:46:34":1,"s:47:2:47:Infinity":7,"s:49:15:49:Infinity":8,"s:50:18:50:35":9,"s:51:17:56:4":10,"f:52:4:52:10":3,"s:53:6:53:Infinity":11,"s:54:6:54:Infinity":12,"s:58:2:64:Infinity":13,"f:61:10:61:17":4}}}
}
